ffmpeg started on 2024-07-25 at 11:09:02
Report written to "/viewer/ff.log"
Log level: 56
Command line:
ffmpeg -pixel_format yuv420p -video_size 640x320 -i /viewer/out_stream.yuv -pixel_format yuv420p -video_size 640x320 -i /viewer/ciro-23.yuv -lavfi "[0][1]ssim;[0][1]psnr" -f null -
ffmpeg version N-116250-ge6c0c5731e Copyright (c) 2000-2024 the FFmpeg developers
  built with gcc 11 (Ubuntu 11.4.0-1ubuntu1~22.04)
  configuration: --prefix=/root/ffmpeg_build --pkg-config-flags=--static --extra-cflags=-I/root/ffmpeg_build/include --extra-ldflags=-L/root/ffmpeg_build/lib --extra-libs='-lpthread -lm' --bindir=/root/bin --enable-gpl --enable-gnutls --enable-libaom --enable-libass --enable-libfdk-aac --enable-libfreetype --enable-libmp3lame --enable-libopus --enable-libvorbis --enable-libvpx --enable-libx264 --enable-libx265 --enable-nonfree
  libavutil      59. 28.100 / 59. 28.100
  libavcodec     61. 10.100 / 61. 10.100
  libavformat    61.  5.101 / 61.  5.101
  libavdevice    61.  2.100 / 61.  2.100
  libavfilter    10.  2.102 / 10.  2.102
  libswscale      8.  2.100 /  8.  2.100
  libswresample   5.  2.100 /  5.  2.100
  libpostproc    58.  2.100 / 58.  2.100
Splitting the commandline.
Reading option '-pixel_format' ... matched as AVOption 'pixel_format' with argument 'yuv420p'.
Reading option '-video_size' ... matched as AVOption 'video_size' with argument '640x320'.
Reading option '-i' ... matched as input url with argument '/viewer/out_stream.yuv'.
Reading option '-pixel_format' ... matched as AVOption 'pixel_format' with argument 'yuv420p'.
Reading option '-video_size' ... matched as AVOption 'video_size' with argument '640x320'.
Reading option '-i' ... matched as input url with argument '/viewer/ciro-23.yuv'.
Reading option '-lavfi' ... matched as option 'lavfi' (create a complex filtergraph) with argument '[0][1]ssim;[0][1]psnr'.
Reading option '-f' ... matched as option 'f' (force container format (auto-detected otherwise)) with argument 'null'.
Reading option '-' ... matched as output url.
Finished splitting the commandline.
Parsing a group of options: global .
Applying option lavfi (create a complex filtergraph) with argument [0][1]ssim;[0][1]psnr.
Successfully parsed a group of options.
Parsing a group of options: input url /viewer/out_stream.yuv.
Successfully parsed a group of options.
Opening an input file: /viewer/out_stream.yuv.
[AVFormatContext @ 0x5618b3007bc0] Opening '/viewer/out_stream.yuv' for reading
[file @ 0x5618b3008300] Setting default whitelist 'file,crypto,data'
[rawvideo @ 0x5618b3007bc0] Format rawvideo probed with size=2048 and score=50
[rawvideo @ 0x5618b3007bc0] Before avformat_find_stream_info() pos: 0 bytes read:32768 seeks:0 nb_streams:1
[rawvideo @ 0x5618b3007bc0] All info found
[rawvideo @ 0x5618b3007bc0] Estimating duration from bitrate, this may be inaccurate
[rawvideo @ 0x5618b3007bc0] stream 0: start_time: 0 duration: 14
[rawvideo @ 0x5618b3007bc0] format: start_time: 0 duration: 14 (estimate from bit rate) bitrate=61440 kb/s
[rawvideo @ 0x5618b3007bc0] After avformat_find_stream_info() pos: 307200 bytes read:307200 seeks:0 frames:1
Input #0, rawvideo, from '/viewer/out_stream.yuv':
  Duration: 00:00:14.00, start: 0.000000, bitrate: 61440 kb/s
  Stream #0:0, 1, 1/25: Video: rawvideo (I420 / 0x30323449), yuv420p, 640x320, 61440 kb/s, 25 tbr, 25 tbn
Successfully opened the file.
Parsing a group of options: input url /viewer/ciro-23.yuv.
Successfully parsed a group of options.
Opening an input file: /viewer/ciro-23.yuv.
[AVFormatContext @ 0x5618b300b580] Opening '/viewer/ciro-23.yuv' for reading
[file @ 0x5618b300bd40] Setting default whitelist 'file,crypto,data'
[rawvideo @ 0x5618b300b580] Format rawvideo probed with size=2048 and score=50
[rawvideo @ 0x5618b300b580] Before avformat_find_stream_info() pos: 0 bytes read:32768 seeks:0 nb_streams:1
[rawvideo @ 0x5618b300b580] All info found
[rawvideo @ 0x5618b300b580] Estimating duration from bitrate, this may be inaccurate
[rawvideo @ 0x5618b300b580] stream 0: start_time: 0 duration: 11.96
[rawvideo @ 0x5618b300b580] format: start_time: 0 duration: 11.96 (estimate from bit rate) bitrate=61440 kb/s
[rawvideo @ 0x5618b300b580] After avformat_find_stream_info() pos: 307200 bytes read:307200 seeks:0 frames:1
Input #1, rawvideo, from '/viewer/ciro-23.yuv':
  Duration: 00:00:11.96, start: 0.000000, bitrate: 61440 kb/s
  Stream #1:0, 1, 1/25: Video: rawvideo (I420 / 0x30323449), yuv420p, 640x320, 61440 kb/s, 25 tbr, 25 tbn
Successfully opened the file.
Parsing a group of options: output url -.
Applying option f (force container format (auto-detected otherwise)) with argument null.
Successfully parsed a group of options.
Opening an output file: -.
[out#0/null @ 0x5618b30059c0] Creating output stream from unlabeled output of complex filtergraph 0. This overrides automatic video mapping.
[vost#0:0/wrapped_avframe @ 0x5618b300f180] Created video stream from complex filtergraph 0:[ssim:default]
[vost#0:0/wrapped_avframe @ 0x5618b300f180] 
[out#0/null @ 0x5618b30059c0] Creating output stream from unlabeled output of complex filtergraph 0. This overrides automatic video mapping.
[vost#0:1/wrapped_avframe @ 0x5618b30186c0] Created video stream from complex filtergraph 0:[psnr:default]
[vost#0:1/wrapped_avframe @ 0x5618b30186c0] 
[out#0/null @ 0x5618b30059c0] No explicit maps, mapping streams automatically...
Successfully opened the file.
[fc#0 @ 0x5618b3003d00] Binding input with label '0' to input stream 0:0
[fc#0 @ 0x5618b3003d00] Binding input with label '1' to input stream 1:0
[fc#0 @ 0x5618b3003d00] Binding input with label '0' to input stream 0:0
[fc#0 @ 0x5618b3003d00] Binding input with label '1' to input stream 1:0
Stream mapping:
  Stream #0:0 (rawvideo) -> ssim
  Stream #0:0 (rawvideo) -> psnr
  Stream #1:0 (rawvideo) -> ssim
  Stream #1:0 (rawvideo) -> psnr
  ssim:default -> Stream #0:0 (wrapped_avframe)
  psnr:default -> Stream #0:1 (wrapped_avframe)
[vost#0:0/wrapped_avframe @ 0x5618b300f180] Starting thread...
[vost#0:1/wrapped_avframe @ 0x5618b30186c0] Starting thread...
[fc#0 @ 0x5618b3003d00] Starting thread...
[vist#0:0/rawvideo @ 0x5618b300a980] [dec:rawvideo @ 0x5618b301a180] Starting thread...
[vist#1:0/rawvideo @ 0x5618b300e0c0] [dec:rawvideo @ 0x5618b301bf40] Starting thread...
[in#0/rawvideo @ 0x5618b3007940] Starting thread...
[in#1/rawvideo @ 0x5618b300b180] Starting thread...
Press [q] to stop, [?] for help
[rawvideo @ 0x5618b301ac00] PACKET SIZE: 307200, STRIDE: 960
[rawvideo @ 0x5618b301c9c0] PACKET SIZE: 307200, STRIDE: 960
detected 16 logical cores
[rawvideo @ 0x5618b301c9c0] PACKET SIZE: 307200, STRIDE: 960
[rawvideo @ 0x5618b301c9c0] PACKET SIZE: 307200, STRIDE: 960
[rawvideo @ 0x5618b301c9c0] PACKET SIZE: 307200, STRIDE: 960
[graph 0 input from stream 0:0 @ 0x7f3d68005080] Setting 'video_size' to value '640x320'
[graph 0 input from stream 0:0 @ 0x7f3d68005080] Setting 'pix_fmt' to value '0'
[graph 0 input from stream 0:0 @ 0x7f3d68005080] Setting 'time_base' to value '1/25'
[graph 0 input from stream 0:0 @ 0x7f3d68005080] Setting 'pixel_aspect' to value '0/1'
[graph 0 input from stream 0:0 @ 0x7f3d68005080] Setting 'colorspace' to value '2'
[graph 0 input from stream 0:0 @ 0x7f3d68005080] Setting 'range' to value '0'
[graph 0 input from stream 0:0 @ 0x7f3d68005080] Setting 'frame_rate' to value '25/1'
[graph 0 input from stream 0:0 @ 0x7f3d68005080] w:640 h:320 pixfmt:yuv420p tb:1/25 fr:25/1 sar:0/1 csp:unknown range:unknown
[graph 0 input from stream 1:0 @ 0x7f3d68006800] Setting 'video_size' to value '640x320'
[graph 0 input from stream 1:0 @ 0x7f3d68006800] Setting 'pix_fmt' to value '0'
[graph 0 input from stream 1:0 @ 0x7f3d68006800] Setting 'time_base' to value '1/25'
[rawvideo @ 0x5618b301c9c0] PACKET SIZE: 307200, STRIDE: 960
[graph 0 input from stream 1:0 @ 0x7f3d68006800] Setting 'pixel_aspect' to value '0/1'
[graph 0 input from stream 1:0 @ 0x7f3d68006800] Setting 'colorspace' to value '2'
[graph 0 input from stream 1:0 @ 0x7f3d68006800] Setting 'range' to value '0'
[graph 0 input from stream 1:0 @ 0x7f3d68006800] Setting 'frame_rate' to value '25/1'
[graph 0 input from stream 1:0 @ 0x7f3d68006800] w:640 h:320 pixfmt:yuv420p tb:1/25 fr:25/1 sar:0/1 csp:unknown range:unknown
[graph 0 input from stream 0:0 @ 0x7f3d68008000] Setting 'video_size' to value '640x320'
[graph 0 input from stream 0:0 @ 0x7f3d68008000] Setting 'pix_fmt' to value '0'
[graph 0 input from stream 0:0 @ 0x7f3d68008000] Setting 'time_base' to value '1/25'
[graph 0 input from stream 0:0 @ 0x7f3d68008000] Setting 'pixel_aspect' to value '0/1'
[graph 0 input from stream 0:0 @ 0x7f3d68008000] Setting 'colorspace' to value '2'
[graph 0 input from stream 0:0 @ 0x7f3d68008000] Setting 'range' to value '0'
[graph 0 input from stream 0:0 @ 0x7f3d68008000] Setting 'frame_rate' to value '25/1'
[graph 0 input from stream 0:0 @ 0x7f3d68008000] w:640 h:320 pixfmt:yuv420p tb:1/25 fr:25/1 sar:0/1 csp:unknown range:unknown
[graph 0 input from stream 1:0 @ 0x7f3d68009800] Setting 'video_size' to value '640x320'
[graph 0 input from stream 1:0 @ 0x7f3d68009800] Setting 'pix_fmt' to value '0'
[graph 0 input from stream 1:0 @ 0x7f3d68009800] Setting 'time_base' to value '1/25'
[graph 0 input from stream 1:0 @ 0x7f3d68009800] Setting 'pixel_aspect' to value '0/1'
[graph 0 input from stream 1:0 @ 0x7f3d68009800] Setting 'colorspace' to value '2'
[graph 0 input from stream 1:0 @ 0x7f3d68009800] Setting 'range' to value '0'
[graph 0 input from stream 1:0 @ 0x7f3d68009800] Setting 'frame_rate' to value '25/1'
[graph 0 input from stream 1:0 @ 0x7f3d68009800] w:640 h:320 pixfmt:yuv420p tb:1/25 fr:25/1 sar:0/1 csp:unknown range:unknown
[rawvideo @ 0x5618b301c9c0] PACKET SIZE: 307200, STRIDE: 960
[AVFilterGraph @ 0x7f3d68001880] query_formats: 8 queried, 18 merged, 0 already done, 0 delayed
[Parsed_ssim_0 @ 0x7f3d68004200] [framesync @ 0x7f3d68004308] Selected 1/25 time base
[Parsed_ssim_0 @ 0x7f3d68004200] [framesync @ 0x7f3d68004308] Sync level 2
[Parsed_psnr_1 @ 0x7f3d68004640] [framesync @ 0x7f3d68004788] Selected 1/25 time base
[Parsed_psnr_1 @ 0x7f3d68004640] [framesync @ 0x7f3d68004788] Sync level 2
[graph 0 input from stream 0:0 @ 0x7f3d68005080] video frame properties congruent with link at pts_time: 0
[graph 0 input from stream 1:0 @ 0x7f3d68006800] video frame properties congruent with link at pts_time: 0
[graph 0 input from stream 0:0 @ 0x7f3d68008000] video frame properties congruent with link at pts_time: 0
[graph 0 input from stream 1:0 @ 0x7f3d68009800] video frame properties congruent with link at pts_time: 0
[Parsed_ssim_0 @ 0x7f3d68004200] Copying data in avfilter.
[Parsed_psnr_1 @ 0x7f3d68004640] Copying data in avfilter.
Output #0, null, to 'pipe:':
  Metadata:
    encoder         : Lavf61.5.101
  Stream #0:0, 0, 1/25: Video: wrapped_avframe, yuv420p(progressive), 640x320, q=2-31, 200 kb/s, 25 fps, 25 tbn (default)
      Metadata:
        encoder         : Lavc61.10.100 wrapped_avframe
  Stream #0:1, 0, 1/25: Video: wrapped_avframe, yuv420p(progressive), 640x320, q=2-31, 200 kb/s, 25 fps, 25 tbn
      Metadata:
        encoder         : Lavc61.10.100 wrapped_avframe
[out#0/null @ 0x5618b30059c0] Starting thread...
[rawvideo @ 0x5618b301c9c0] PACKET SIZE: 307200, STRIDE: 960
[rawvideo @ 0x5618b301c9c0] PACKET SIZE: 307200, STRIDE: 960
[rawvideo @ 0x5618b301c9c0] PACKET SIZE: 307200, STRIDE: 960
[rawvideo @ 0x5618b301c9c0] PACKET SIZE: 307200, STRIDE: 960
[rawvideo @ 0x5618b301c9c0] PACKET SIZE: 307200, STRIDE: 960
[rawvideo @ 0x5618b301ac00] PACKET SIZE: 307200, STRIDE: 960
[Parsed_ssim_0 @ 0x7f3d68004200] Copying data in avfilter.
[rawvideo @ 0x5618b301ac00] PACKET SIZE: 307200, STRIDE: 960
[rawvideo @ 0x5618b301ac00] PACKET SIZE: 307200, STRIDE: 960
[Parsed_psnr_1 @ 0x7f3d68004640] Copying data in avfilter.
[rawvideo @ 0x5618b301ac00] PACKET SIZE: 307200, STRIDE: 960
[Parsed_ssim_0 @ 0x7f3d68004200] Copying data in avfilter.
[Parsed_psnr_1 @ 0x7f3d68004640] Copying data in avfilter.
[rawvideo @ 0x5618b301ac00] PACKET SIZE: 307200, STRIDE: 960
[Parsed_ssim_0 @ 0x7f3d68004200] Copying data in avfilter.
[rawvideo @ 0x5618b301ac00] PACKET SIZE: 307200, STRIDE: 960
[Parsed_psnr_1 @ 0x7f3d68004640] Copying data in avfilter.
[Parsed_ssim_0 @ 0x7f3d68004200] Copying data in avfilter.
[rawvideo @ 0x5618b301ac00] PACKET SIZE: 307200, STRIDE: 960
[Parsed_psnr_1 @ 0x7f3d68004640] Copying data in avfilter.
[Parsed_ssim_0 @ 0x7f3d68004200] Copying data in avfilter.
[Parsed_psnr_1 @ 0x7f3d68004640] Copying data in avfilter.
[rawvideo @ 0x5618b301ac00] PACKET SIZE: 307200, STRIDE: 960
[Parsed_ssim_0 @ 0x7f3d68004200] Copying data in avfilter.
[Parsed_psnr_1 @ 0x7f3d68004640] Copying data in avfilter.
[rawvideo @ 0x5618b301ac00] PACKET SIZE: 307200, STRIDE: 960
[rawvideo @ 0x5618b301ac00] PACKET SIZE: 307200, STRIDE: 960
[Parsed_ssim_0 @ 0x7f3d68004200] Copying data in avfilter.
[Parsed_psnr_1 @ 0x7f3d68004640] Copying data in avfilter.
[rawvideo @ 0x5618b301ac00] PACKET SIZE: 307200, STRIDE: 960
[Parsed_ssim_0 @ 0x7f3d68004200] Copying data in avfilter.
[rawvideo @ 0x5618b301ac00] PACKET SIZE: 307200, STRIDE: 960
[Parsed_psnr_1 @ 0x7f3d68004640] Copying data in avfilter.
[Parsed_ssim_0 @ 0x7f3d68004200] Copying data in avfilter.
[rawvideo @ 0x5618b301ac00] PACKET SIZE: 307200, STRIDE: 960
[Parsed_psnr_1 @ 0x7f3d68004640] Copying data in avfilter.
[Parsed_ssim_0 @ 0x7f3d68004200] Copying data in avfilter.
[rawvideo @ 0x5618b301ac00] PACKET SIZE: 307200, STRIDE: 960
[Parsed_psnr_1 @ 0x7f3d68004640] Copying data in avfilter.
[rawvideo @ 0x5618b301c9c0] PACKET SIZE: 307200, STRIDE: 960
[Parsed_ssim_0 @ 0x7f3d68004200] Copying data in avfilter.
[Parsed_psnr_1 @ 0x7f3d68004640] Copying data in avfilter.
[rawvideo @ 0x5618b301c9c0] PACKET SIZE: 307200, STRIDE: 960
[Parsed_ssim_0 @ 0x7f3d68004200] Copying data in avfilter.
[Parsed_psnr_1 @ 0x7f3d68004640] Copying data in avfilter.
[rawvideo @ 0x5618b301c9c0] PACKET SIZE: 307200, STRIDE: 960
[Parsed_ssim_0 @ 0x7f3d68004200] Copying data in avfilter.
[Parsed_psnr_1 @ 0x7f3d68004640] Copying data in avfilter.
[rawvideo @ 0x5618b301c9c0] PACKET SIZE: 307200, STRIDE: 960
[Parsed_ssim_0 @ 0x7f3d68004200] Copying data in avfilter.
[rawvideo @ 0x5618b301c9c0] PACKET SIZE: 307200, STRIDE: 960
[Parsed_psnr_1 @ 0x7f3d68004640] Copying data in avfilter.
[rawvideo @ 0x5618b301ac00] PACKET SIZE: 307200, STRIDE: 960
[Parsed_ssim_0 @ 0x7f3d68004200] Copying data in avfilter.
[rawvideo @ 0x5618b301ac00] PACKET SIZE: 307200, STRIDE: 960
[rawvideo @ 0x5618b301ac00] PACKET SIZE: 307200, STRIDE: 960
[rawvideo @ 0x5618b301ac00] PACKET SIZE: 307200, STRIDE: 960
[Parsed_psnr_1 @ 0x7f3d68004640] Copying data in avfilter.
[rawvideo @ 0x5618b301c9c0] PACKET SIZE: 307200, STRIDE: 960
[Parsed_ssim_0 @ 0x7f3d68004200] Copying data in avfilter.
[rawvideo @ 0x5618b301c9c0] PACKET SIZE: 307200, STRIDE: 960
[rawvideo @ 0x5618b301c9c0] PACKET SIZE: 307200, STRIDE: 960
[Parsed_psnr_1 @ 0x7f3d68004640] Copying data in avfilter.
[Parsed_ssim_0 @ 0x7f3d68004200] Copying data in avfilter.
[rawvideo @ 0x5618b301c9c0] PACKET SIZE: 307200, STRIDE: 960
[Parsed_psnr_1 @ 0x7f3d68004640] Copying data in avfilter.
[Parsed_ssim_0 @ 0x7f3d68004200] Copying data in avfilter.
[Parsed_psnr_1 @ 0x7f3d68004640] Copying data in avfilter.
[rawvideo @ 0x5618b301c9c0] PACKET SIZE: 307200, STRIDE: 960
[rawvideo @ 0x5618b301c9c0] PACKET SIZE: 307200, STRIDE: 960
[rawvideo @ 0x5618b301ac00] PACKET SIZE: 307200, STRIDE: 960
[Parsed_ssim_0 @ 0x7f3d68004200] Copying data in avfilter.
[rawvideo @ 0x5618b301ac00] PACKET SIZE: 307200, STRIDE: 960
[rawvideo @ 0x5618b301ac00] PACKET SIZE: 307200, STRIDE: 960
[Parsed_psnr_1 @ 0x7f3d68004640] Copying data in avfilter.
[rawvideo @ 0x5618b301ac00] PACKET SIZE: 307200, STRIDE: 960
[rawvideo @ 0x5618b301ac00] PACKET SIZE: 307200, STRIDE: 960
[Parsed_ssim_0 @ 0x7f3d68004200] Copying data in avfilter.
[Parsed_psnr_1 @ 0x7f3d68004640] Copying data in avfilter.
[Parsed_ssim_0 @ 0x7f3d68004200] Copying data in avfilter.
[rawvideo @ 0x5618b301ac00] PACKET SIZE: 307200, STRIDE: 960
[Parsed_psnr_1 @ 0x7f3d68004640] Copying data in avfilter.
[rawvideo @ 0x5618b301ac00] PACKET SIZE: 307200, STRIDE: 960
[rawvideo @ 0x5618b301c9c0] PACKET SIZE: 307200, STRIDE: 960
[Parsed_ssim_0 @ 0x7f3d68004200] Copying data in avfilter.
[rawvideo @ 0x5618b301c9c0] PACKET SIZE: 307200, STRIDE: 960
[rawvideo @ 0x5618b301c9c0] PACKET SIZE: 307200, STRIDE: 960
[Parsed_psnr_1 @ 0x7f3d68004640] Copying data in avfilter.
[rawvideo @ 0x5618b301c9c0] PACKET SIZE: 307200, STRIDE: 960
[Parsed_ssim_0 @ 0x7f3d68004200] Copying data in avfilter.
[Parsed_psnr_1 @ 0x7f3d68004640] Copying data in avfilter.
[rawvideo @ 0x5618b301c9c0] PACKET SIZE: 307200, STRIDE: 960
[Parsed_ssim_0 @ 0x7f3d68004200] Copying data in avfilter.
[Parsed_psnr_1 @ 0x7f3d68004640] Copying data in avfilter.
[Parsed_ssim_0 @ 0x7f3d68004200] Copying data in avfilter.
[rawvideo @ 0x5618b301c9c0] PACKET SIZE: 307200, STRIDE: 960
[rawvideo @ 0x5618b301c9c0] PACKET SIZE: 307200, STRIDE: 960
[Parsed_psnr_1 @ 0x7f3d68004640] Copying data in avfilter.
[rawvideo @ 0x5618b301ac00] PACKET SIZE: 307200, STRIDE: 960
[Parsed_ssim_0 @ 0x7f3d68004200] Copying data in avfilter.
[rawvideo @ 0x5618b301ac00] PACKET SIZE: 307200, STRIDE: 960
[rawvideo @ 0x5618b301ac00] PACKET SIZE: 307200, STRIDE: 960
[Parsed_psnr_1 @ 0x7f3d68004640] Copying data in avfilter.
[rawvideo @ 0x5618b301ac00] PACKET SIZE: 307200, STRIDE: 960
[Parsed_ssim_0 @ 0x7f3d68004200] Copying data in avfilter.
[rawvideo @ 0x5618b301ac00] PACKET SIZE: 307200, STRIDE: 960
[rawvideo @ 0x5618b301ac00] PACKET SIZE: 307200, STRIDE: 960
[Parsed_psnr_1 @ 0x7f3d68004640] Copying data in avfilter.
[Parsed_ssim_0 @ 0x7f3d68004200] Copying data in avfilter.
[Parsed_psnr_1 @ 0x7f3d68004640] Copying data in avfilter.
[rawvideo @ 0x5618b301ac00] PACKET SIZE: 307200, STRIDE: 960
[rawvideo @ 0x5618b301ac00] PACKET SIZE: 307200, STRIDE: 960
[rawvideo @ 0x5618b301c9c0] PACKET SIZE: 307200, STRIDE: 960
[Parsed_ssim_0 @ 0x7f3d68004200] Copying data in avfilter.
[rawvideo @ 0x5618b301c9c0] PACKET SIZE: 307200, STRIDE: 960
[Parsed_psnr_1 @ 0x7f3d68004640] Copying data in avfilter.
[rawvideo @ 0x5618b301c9c0] PACKET SIZE: 307200, STRIDE: 960
[Parsed_ssim_0 @ 0x7f3d68004200] Copying data in avfilter.
[rawvideo @ 0x5618b301c9c0] PACKET SIZE: 307200, STRIDE: 960
[rawvideo @ 0x5618b301c9c0] PACKET SIZE: 307200, STRIDE: 960
[Parsed_psnr_1 @ 0x7f3d68004640] Copying data in avfilter.
[rawvideo @ 0x5618b301c9c0] PACKET SIZE: 307200, STRIDE: 960
[rawvideo @ 0x5618b301c9c0] PACKET SIZE: 307200, STRIDE: 960
[Parsed_ssim_0 @ 0x7f3d68004200] Copying data in avfilter.
[Parsed_psnr_1 @ 0x7f3d68004640] Copying data in avfilter.
[rawvideo @ 0x5618b301c9c0] PACKET SIZE: 307200, STRIDE: 960
[Parsed_ssim_0 @ 0x7f3d68004200] Copying data in avfilter.
[rawvideo @ 0x5618b301c9c0] PACKET SIZE: 307200, STRIDE: 960
[Parsed_psnr_1 @ 0x7f3d68004640] Copying data in avfilter.
[Parsed_ssim_0 @ 0x7f3d68004200] Copying data in avfilter.
[Parsed_psnr_1 @ 0x7f3d68004640] Copying data in avfilter.
[rawvideo @ 0x5618b301c9c0] PACKET SIZE: 307200, STRIDE: 960
[rawvideo @ 0x5618b301ac00] PACKET SIZE: 307200, STRIDE: 960
[Parsed_ssim_0 @ 0x7f3d68004200] Copying data in avfilter.
[rawvideo @ 0x5618b301ac00] PACKET SIZE: 307200, STRIDE: 960
[rawvideo @ 0x5618b301ac00] PACKET SIZE: 307200, STRIDE: 960
[Parsed_psnr_1 @ 0x7f3d68004640] Copying data in avfilter.
[rawvideo @ 0x5618b301ac00] PACKET SIZE: 307200, STRIDE: 960
[rawvideo @ 0x5618b301ac00] PACKET SIZE: 307200, STRIDE: 960
[Parsed_ssim_0 @ 0x7f3d68004200] Copying data in avfilter.
[rawvideo @ 0x5618b301ac00] PACKET SIZE: 307200, STRIDE: 960
[Parsed_psnr_1 @ 0x7f3d68004640] Copying data in avfilter.
[rawvideo @ 0x5618b301ac00] PACKET SIZE: 307200, STRIDE: 960
[Parsed_ssim_0 @ 0x7f3d68004200] Copying data in avfilter.
[Parsed_psnr_1 @ 0x7f3d68004640] Copying data in avfilter.
[rawvideo @ 0x5618b301ac00] PACKET SIZE: 307200, STRIDE: 960
[Parsed_ssim_0 @ 0x7f3d68004200] Copying data in avfilter.
[Parsed_psnr_1 @ 0x7f3d68004640] Copying data in avfilter.
[rawvideo @ 0x5618b301ac00] PACKET SIZE: 307200, STRIDE: 960
[Parsed_ssim_0 @ 0x7f3d68004200] Copying data in avfilter.
[Parsed_psnr_1 @ 0x7f3d68004640] Copying data in avfilter.
[rawvideo @ 0x5618b301ac00] PACKET SIZE: 307200, STRIDE: 960
[rawvideo @ 0x5618b301ac00] PACKET SIZE: 307200, STRIDE: 960
[rawvideo @ 0x5618b301c9c0] PACKET SIZE: 307200, STRIDE: 960
[rawvideo @ 0x5618b301ac00] PACKET SIZE: 307200, STRIDE: 960
[Parsed_ssim_0 @ 0x7f3d68004200] Copying data in avfilter.
[rawvideo @ 0x5618b301ac00] PACKET SIZE: 307200, STRIDE: 960
[rawvideo @ 0x5618b301c9c0] PACKET SIZE: 307200, STRIDE: 960
[rawvideo @ 0x5618b301c9c0] PACKET SIZE: 307200, STRIDE: 960
[rawvideo @ 0x5618b301c9c0] PACKET SIZE: 307200, STRIDE: 960
[Parsed_psnr_1 @ 0x7f3d68004640] Copying data in avfilter.
[rawvideo @ 0x5618b301c9c0] PACKET SIZE: 307200, STRIDE: 960
[Parsed_ssim_0 @ 0x7f3d68004200] Copying data in avfilter.
[rawvideo @ 0x5618b301c9c0] PACKET SIZE: 307200, STRIDE: 960
[Parsed_psnr_1 @ 0x7f3d68004640] Copying data in avfilter.
[Parsed_ssim_0 @ 0x7f3d68004200] Copying data in avfilter.
[Parsed_psnr_1 @ 0x7f3d68004640] Copying data in avfilter.
[rawvideo @ 0x5618b301c9c0] PACKET SIZE: 307200, STRIDE: 960
[rawvideo @ 0x5618b301c9c0] PACKET SIZE: 307200, STRIDE: 960
[Parsed_ssim_0 @ 0x7f3d68004200] Copying data in avfilter.
[Parsed_psnr_1 @ 0x7f3d68004640] Copying data in avfilter.
[rawvideo @ 0x5618b301c9c0] PACKET SIZE: 307200, STRIDE: 960
[Parsed_ssim_0 @ 0x7f3d68004200] Copying data in avfilter.
[Parsed_psnr_1 @ 0x7f3d68004640] Copying data in avfilter.
[rawvideo @ 0x5618b301c9c0] PACKET SIZE: 307200, STRIDE: 960
[Parsed_ssim_0 @ 0x7f3d68004200] Copying data in avfilter.
[Parsed_psnr_1 @ 0x7f3d68004640] Copying data in avfilter.
[rawvideo @ 0x5618b301c9c0] PACKET SIZE: 307200, STRIDE: 960
[Parsed_ssim_0 @ 0x7f3d68004200] Copying data in avfilter.
[Parsed_psnr_1 @ 0x7f3d68004640] Copying data in avfilter.
[rawvideo @ 0x5618b301c9c0] PACKET SIZE: 307200, STRIDE: 960
[Parsed_ssim_0 @ 0x7f3d68004200] Copying data in avfilter.
[rawvideo @ 0x5618b301c9c0] PACKET SIZE: 307200, STRIDE: 960
[Parsed_psnr_1 @ 0x7f3d68004640] Copying data in avfilter.
[rawvideo @ 0x5618b301c9c0] PACKET SIZE: 307200, STRIDE: 960
[rawvideo @ 0x5618b301c9c0] PACKET SIZE: 307200, STRIDE: 960
[rawvideo @ 0x5618b301ac00] PACKET SIZE: 307200, STRIDE: 960
[rawvideo @ 0x5618b301c9c0] PACKET SIZE: 307200, STRIDE: 960
[Parsed_ssim_0 @ 0x7f3d68004200] Copying data in avfilter.
[rawvideo @ 0x5618b301ac00] PACKET SIZE: 307200, STRIDE: 960
[rawvideo @ 0x5618b301ac00] PACKET SIZE: 307200, STRIDE: 960
[rawvideo @ 0x5618b301ac00] PACKET SIZE: 307200, STRIDE: 960
[Parsed_psnr_1 @ 0x7f3d68004640] Copying data in avfilter.
[rawvideo @ 0x5618b301ac00] PACKET SIZE: 307200, STRIDE: 960
[Parsed_ssim_0 @ 0x7f3d68004200] Copying data in avfilter.
[rawvideo @ 0x5618b301ac00] PACKET SIZE: 307200, STRIDE: 960
[Parsed_psnr_1 @ 0x7f3d68004640] Copying data in avfilter.
[rawvideo @ 0x5618b301ac00] PACKET SIZE: 307200, STRIDE: 960
[Parsed_ssim_0 @ 0x7f3d68004200] Copying data in avfilter.
[Parsed_psnr_1 @ 0x7f3d68004640] Copying data in avfilter.
[rawvideo @ 0x5618b301ac00] PACKET SIZE: 307200, STRIDE: 960
[Parsed_ssim_0 @ 0x7f3d68004200] Copying data in avfilter.
[Parsed_psnr_1 @ 0x7f3d68004640] Copying data in avfilter.
[rawvideo @ 0x5618b301ac00] PACKET SIZE: 307200, STRIDE: 960
[Parsed_ssim_0 @ 0x7f3d68004200] Copying data in avfilter.
[Parsed_psnr_1 @ 0x7f3d68004640] Copying data in avfilter.
[rawvideo @ 0x5618b301ac00] PACKET SIZE: 307200, STRIDE: 960
[Parsed_ssim_0 @ 0x7f3d68004200] Copying data in avfilter.
[Parsed_psnr_1 @ 0x7f3d68004640] Copying data in avfilter.
[rawvideo @ 0x5618b301ac00] PACKET SIZE: 307200, STRIDE: 960
[Parsed_ssim_0 @ 0x7f3d68004200] Copying data in avfilter.
[Parsed_psnr_1 @ 0x7f3d68004640] Copying data in avfilter.
[rawvideo @ 0x5618b301ac00] PACKET SIZE: 307200, STRIDE: 960
[Parsed_ssim_0 @ 0x7f3d68004200] Copying data in avfilter.
[rawvideo @ 0x5618b301ac00] PACKET SIZE: 307200, STRIDE: 960
[Parsed_psnr_1 @ 0x7f3d68004640] Copying data in avfilter.
[rawvideo @ 0x5618b301ac00] PACKET SIZE: 307200, STRIDE: 960
[rawvideo @ 0x5618b301c9c0] PACKET SIZE: 307200, STRIDE: 960
[rawvideo @ 0x5618b301ac00] PACKET SIZE: 307200, STRIDE: 960
[Parsed_ssim_0 @ 0x7f3d68004200] Copying data in avfilter.
[rawvideo @ 0x5618b301ac00] PACKET SIZE: 307200, STRIDE: 960
[rawvideo @ 0x5618b301c9c0] PACKET SIZE: 307200, STRIDE: 960
[rawvideo @ 0x5618b301ac00] PACKET SIZE: 307200, STRIDE: 960
[rawvideo @ 0x5618b301c9c0] PACKET SIZE: 307200, STRIDE: 960
[Parsed_psnr_1 @ 0x7f3d68004640] Copying data in avfilter.
[rawvideo @ 0x5618b301ac00] PACKET SIZE: 307200, STRIDE: 960
[rawvideo @ 0x5618b301c9c0] PACKET SIZE: 307200, STRIDE: 960
[rawvideo @ 0x5618b301ac00] PACKET SIZE: 307200, STRIDE: 960
[Parsed_ssim_0 @ 0x7f3d68004200] Copying data in avfilter.
[Parsed_psnr_1 @ 0x7f3d68004640] Copying data in avfilter.
[rawvideo @ 0x5618b301c9c0] PACKET SIZE: 307200, STRIDE: 960
[Parsed_ssim_0 @ 0x7f3d68004200] Copying data in avfilter.
[rawvideo @ 0x5618b301c9c0] PACKET SIZE: 307200, STRIDE: 960
[Parsed_psnr_1 @ 0x7f3d68004640] Copying data in avfilter.
[rawvideo @ 0x5618b301ac00] PACKET SIZE: 307200, STRIDE: 960
[Parsed_ssim_0 @ 0x7f3d68004200] Copying data in avfilter.
[rawvideo @ 0x5618b301c9c0] PACKET SIZE: 307200, STRIDE: 960
[Parsed_psnr_1 @ 0x7f3d68004640] Copying data in avfilter.
[rawvideo @ 0x5618b301ac00] PACKET SIZE: 307200, STRIDE: 960
[Parsed_ssim_0 @ 0x7f3d68004200] Copying data in avfilter.
[Parsed_psnr_1 @ 0x7f3d68004640] Copying data in avfilter.
[Parsed_ssim_0 @ 0x7f3d68004200] Copying data in avfilter.
[rawvideo @ 0x5618b301c9c0] PACKET SIZE: 307200, STRIDE: 960
[Parsed_psnr_1 @ 0x7f3d68004640] Copying data in avfilter.
[rawvideo @ 0x5618b301c9c0] PACKET SIZE: 307200, STRIDE: 960
[Parsed_ssim_0 @ 0x7f3d68004200] Copying data in avfilter.
[rawvideo @ 0x5618b301c9c0] PACKET SIZE: 307200, STRIDE: 960
[rawvideo @ 0x5618b301c9c0] PACKET SIZE: 307200, STRIDE: 960
[Parsed_psnr_1 @ 0x7f3d68004640] Copying data in avfilter.
[rawvideo @ 0x5618b301c9c0] PACKET SIZE: 307200, STRIDE: 960
[Parsed_ssim_0 @ 0x7f3d68004200] Copying data in avfilter.
[Parsed_psnr_1 @ 0x7f3d68004640] Copying data in avfilter.
[rawvideo @ 0x5618b301c9c0] PACKET SIZE: 307200, STRIDE: 960
[Parsed_ssim_0 @ 0x7f3d68004200] Copying data in avfilter.
[Parsed_psnr_1 @ 0x7f3d68004640] Copying data in avfilter.
[rawvideo @ 0x5618b301c9c0] PACKET SIZE: 307200, STRIDE: 960
[Parsed_ssim_0 @ 0x7f3d68004200] Copying data in avfilter.
[Parsed_psnr_1 @ 0x7f3d68004640] Copying data in avfilter.
[rawvideo @ 0x5618b301c9c0] PACKET SIZE: 307200, STRIDE: 960
[Parsed_ssim_0 @ 0x7f3d68004200] Copying data in avfilter.
[Parsed_psnr_1 @ 0x7f3d68004640] Copying data in avfilter.
[rawvideo @ 0x5618b301c9c0] PACKET SIZE: 307200, STRIDE: 960
[Parsed_ssim_0 @ 0x7f3d68004200] Copying data in avfilter.
[Parsed_psnr_1 @ 0x7f3d68004640] Copying data in avfilter.
[rawvideo @ 0x5618b301c9c0] PACKET SIZE: 307200, STRIDE: 960
[Parsed_ssim_0 @ 0x7f3d68004200] Copying data in avfilter.
[Parsed_psnr_1 @ 0x7f3d68004640] Copying data in avfilter.
[rawvideo @ 0x5618b301c9c0] PACKET SIZE: 307200, STRIDE: 960
[rawvideo @ 0x5618b301c9c0] PACKET SIZE: 307200, STRIDE: 960
[rawvideo @ 0x5618b301c9c0] PACKET SIZE: 307200, STRIDE: 960
[rawvideo @ 0x5618b301ac00] PACKET SIZE: 307200, STRIDE: 960
[rawvideo @ 0x5618b301c9c0] PACKET SIZE: 307200, STRIDE: 960
[rawvideo @ 0x5618b301c9c0] PACKET SIZE: 307200, STRIDE: 960
[Parsed_ssim_0 @ 0x7f3d68004200] Copying data in avfilter.
[rawvideo @ 0x5618b301c9c0] PACKET SIZE: 307200, STRIDE: 960
[rawvideo @ 0x5618b301c9c0] PACKET SIZE: 307200, STRIDE: 960
[rawvideo @ 0x5618b301ac00] PACKET SIZE: 307200, STRIDE: 960
[Parsed_psnr_1 @ 0x7f3d68004640] Copying data in avfilter.
[rawvideo @ 0x5618b301c9c0] PACKET SIZE: 307200, STRIDE: 960
[rawvideo @ 0x5618b301c9c0] PACKET SIZE: 307200, STRIDE: 960
[Parsed_ssim_0 @ 0x7f3d68004200] Copying data in avfilter.
[rawvideo @ 0x5618b301c9c0] PACKET SIZE: 307200, STRIDE: 960
[rawvideo @ 0x5618b301ac00] PACKET SIZE: 307200, STRIDE: 960
[rawvideo @ 0x5618b301ac00] PACKET SIZE: 307200, STRIDE: 960
[Parsed_psnr_1 @ 0x7f3d68004640] Copying data in avfilter.
[rawvideo @ 0x5618b301ac00] PACKET SIZE: 307200, STRIDE: 960
[Parsed_ssim_0 @ 0x7f3d68004200] Copying data in avfilter.
[rawvideo @ 0x5618b301ac00] PACKET SIZE: 307200, STRIDE: 960
[rawvideo @ 0x5618b301ac00] PACKET SIZE: 307200, STRIDE: 960
[Parsed_psnr_1 @ 0x7f3d68004640] Copying data in avfilter.
[rawvideo @ 0x5618b301ac00] PACKET SIZE: 307200, STRIDE: 960
[Parsed_ssim_0 @ 0x7f3d68004200] Copying data in avfilter.
[Parsed_psnr_1 @ 0x7f3d68004640] Copying data in avfilter.
[rawvideo @ 0x5618b301ac00] PACKET SIZE: 307200, STRIDE: 960
[Parsed_ssim_0 @ 0x7f3d68004200] Copying data in avfilter.
[Parsed_psnr_1 @ 0x7f3d68004640] Copying data in avfilter.
[rawvideo @ 0x5618b301ac00] PACKET SIZE: 307200, STRIDE: 960
[Parsed_ssim_0 @ 0x7f3d68004200] Copying data in avfilter.
[Parsed_psnr_1 @ 0x7f3d68004640] Copying data in avfilter.
[rawvideo @ 0x5618b301ac00] PACKET SIZE: 307200, STRIDE: 960
[Parsed_ssim_0 @ 0x7f3d68004200] Copying data in avfilter.
[Parsed_psnr_1 @ 0x7f3d68004640] Copying data in avfilter.
[rawvideo @ 0x5618b301ac00] PACKET SIZE: 307200, STRIDE: 960
[Parsed_ssim_0 @ 0x7f3d68004200] Copying data in avfilter.
[Parsed_psnr_1 @ 0x7f3d68004640] Copying data in avfilter.
[rawvideo @ 0x5618b301ac00] PACKET SIZE: 307200, STRIDE: 960
[Parsed_ssim_0 @ 0x7f3d68004200] Copying data in avfilter.
[Parsed_psnr_1 @ 0x7f3d68004640] Copying data in avfilter.
[rawvideo @ 0x5618b301ac00] PACKET SIZE: 307200, STRIDE: 960
[Parsed_ssim_0 @ 0x7f3d68004200] Copying data in avfilter.
[Parsed_psnr_1 @ 0x7f3d68004640] Copying data in avfilter.
[rawvideo @ 0x5618b301ac00] PACKET SIZE: 307200, STRIDE: 960
[Parsed_ssim_0 @ 0x7f3d68004200] Copying data in avfilter.
[Parsed_psnr_1 @ 0x7f3d68004640] Copying data in avfilter.
[rawvideo @ 0x5618b301ac00] PACKET SIZE: 307200, STRIDE: 960
[Parsed_ssim_0 @ 0x7f3d68004200] Copying data in avfilter.
[rawvideo @ 0x5618b301ac00] PACKET SIZE: 307200, STRIDE: 960
[Parsed_psnr_1 @ 0x7f3d68004640] Copying data in avfilter.
[Parsed_ssim_0 @ 0x7f3d68004200] Copying data in avfilter.
[Parsed_psnr_1 @ 0x7f3d68004640] Copying data in avfilter.
[rawvideo @ 0x5618b301ac00] PACKET SIZE: 307200, STRIDE: 960
[Parsed_ssim_0 @ 0x7f3d68004200] Copying data in avfilter.
[Parsed_psnr_1 @ 0x7f3d68004640] Copying data in avfilter.
[rawvideo @ 0x5618b301ac00] PACKET SIZE: 307200, STRIDE: 960
[rawvideo @ 0x5618b301ac00] PACKET SIZE: 307200, STRIDE: 960
[rawvideo @ 0x5618b301ac00] PACKET SIZE: 307200, STRIDE: 960
[rawvideo @ 0x5618b301ac00] PACKET SIZE: 307200, STRIDE: 960
[rawvideo @ 0x5618b301ac00] PACKET SIZE: 307200, STRIDE: 960
[rawvideo @ 0x5618b301ac00] PACKET SIZE: 307200, STRIDE: 960
[rawvideo @ 0x5618b301ac00] PACKET SIZE: 307200, STRIDE: 960
[rawvideo @ 0x5618b301ac00] PACKET SIZE: 307200, STRIDE: 960
[rawvideo @ 0x5618b301ac00] PACKET SIZE: 307200, STRIDE: 960
[rawvideo @ 0x5618b301ac00] PACKET SIZE: 307200, STRIDE: 960
[rawvideo @ 0x5618b301c9c0] PACKET SIZE: 307200, STRIDE: 960
[rawvideo @ 0x5618b301c9c0] PACKET SIZE: 307200, STRIDE: 960
[Parsed_ssim_0 @ 0x7f3d68004200] Copying data in avfilter.
[rawvideo @ 0x5618b301c9c0] PACKET SIZE: 307200, STRIDE: 960
[rawvideo @ 0x5618b301c9c0] PACKET SIZE: 307200, STRIDE: 960
[rawvideo @ 0x5618b301c9c0] PACKET SIZE: 307200, STRIDE: 960
[Parsed_psnr_1 @ 0x7f3d68004640] Copying data in avfilter.
[rawvideo @ 0x5618b301c9c0] PACKET SIZE: 307200, STRIDE: 960
[Parsed_ssim_0 @ 0x7f3d68004200] Copying data in avfilter.
[Parsed_psnr_1 @ 0x7f3d68004640] Copying data in avfilter.
[rawvideo @ 0x5618b301c9c0] PACKET SIZE: 307200, STRIDE: 960
[Parsed_ssim_0 @ 0x7f3d68004200] Copying data in avfilter.
[Parsed_psnr_1 @ 0x7f3d68004640] Copying data in avfilter.
[rawvideo @ 0x5618b301c9c0] PACKET SIZE: 307200, STRIDE: 960
[Parsed_ssim_0 @ 0x7f3d68004200] Copying data in avfilter.
[Parsed_psnr_1 @ 0x7f3d68004640] Copying data in avfilter.
[rawvideo @ 0x5618b301c9c0] PACKET SIZE: 307200, STRIDE: 960
[Parsed_ssim_0 @ 0x7f3d68004200] Copying data in avfilter.
[Parsed_psnr_1 @ 0x7f3d68004640] Copying data in avfilter.
[rawvideo @ 0x5618b301c9c0] PACKET SIZE: 307200, STRIDE: 960
[Parsed_ssim_0 @ 0x7f3d68004200] Copying data in avfilter.
[rawvideo @ 0x5618b301c9c0] PACKET SIZE: 307200, STRIDE: 960
[Parsed_psnr_1 @ 0x7f3d68004640] Copying data in avfilter.
[Parsed_ssim_0 @ 0x7f3d68004200] Copying data in avfilter.
[Parsed_psnr_1 @ 0x7f3d68004640] Copying data in avfilter.
[rawvideo @ 0x5618b301c9c0] PACKET SIZE: 307200, STRIDE: 960
[Parsed_ssim_0 @ 0x7f3d68004200] Copying data in avfilter.
[Parsed_psnr_1 @ 0x7f3d68004640] Copying data in avfilter.
[rawvideo @ 0x5618b301c9c0] PACKET SIZE: 307200, STRIDE: 960
[Parsed_ssim_0 @ 0x7f3d68004200] Copying data in avfilter.
[Parsed_psnr_1 @ 0x7f3d68004640] Copying data in avfilter.
[rawvideo @ 0x5618b301c9c0] PACKET SIZE: 307200, STRIDE: 960
[Parsed_ssim_0 @ 0x7f3d68004200] Copying data in avfilter.
[Parsed_psnr_1 @ 0x7f3d68004640] Copying data in avfilter.
[rawvideo @ 0x5618b301c9c0] PACKET SIZE: 307200, STRIDE: 960
[Parsed_ssim_0 @ 0x7f3d68004200] Copying data in avfilter.
[Parsed_psnr_1 @ 0x7f3d68004640] Copying data in avfilter.
[rawvideo @ 0x5618b301c9c0] PACKET SIZE: 307200, STRIDE: 960
[Parsed_ssim_0 @ 0x7f3d68004200] Copying data in avfilter.
[Parsed_psnr_1 @ 0x7f3d68004640] Copying data in avfilter.
[rawvideo @ 0x5618b301c9c0] PACKET SIZE: 307200, STRIDE: 960
[Parsed_ssim_0 @ 0x7f3d68004200] Copying data in avfilter.
[Parsed_psnr_1 @ 0x7f3d68004640] Copying data in avfilter.
[rawvideo @ 0x5618b301c9c0] PACKET SIZE: 307200, STRIDE: 960
[Parsed_ssim_0 @ 0x7f3d68004200] Copying data in avfilter.
[Parsed_psnr_1 @ 0x7f3d68004640] Copying data in avfilter.
[rawvideo @ 0x5618b301c9c0] PACKET SIZE: 307200, STRIDE: 960
[rawvideo @ 0x5618b301ac00] PACKET SIZE: 307200, STRIDE: 960
[rawvideo @ 0x5618b301c9c0] PACKET SIZE: 307200, STRIDE: 960
[Parsed_ssim_0 @ 0x7f3d68004200] Copying data in avfilter.
[rawvideo @ 0x5618b301ac00] PACKET SIZE: 307200, STRIDE: 960
[rawvideo @ 0x5618b301c9c0] PACKET SIZE: 307200, STRIDE: 960
[rawvideo @ 0x5618b301c9c0] PACKET SIZE: 307200, STRIDE: 960
[rawvideo @ 0x5618b301ac00] PACKET SIZE: 307200, STRIDE: 960
[Parsed_psnr_1 @ 0x7f3d68004640] Copying data in avfilter.
[rawvideo @ 0x5618b301c9c0] PACKET SIZE: 307200, STRIDE: 960
[Parsed_ssim_0 @ 0x7f3d68004200] Copying data in avfilter.
[rawvideo @ 0x5618b301ac00] PACKET SIZE: 307200, STRIDE: 960
[rawvideo @ 0x5618b301c9c0] PACKET SIZE: 307200, STRIDE: 960
[Parsed_psnr_1 @ 0x7f3d68004640] Copying data in avfilter.
[Parsed_ssim_0 @ 0x7f3d68004200] Copying data in avfilter.
[rawvideo @ 0x5618b301c9c0] PACKET SIZE: 307200, STRIDE: 960
[rawvideo @ 0x5618b301ac00] PACKET SIZE: 307200, STRIDE: 960
[Parsed_psnr_1 @ 0x7f3d68004640] Copying data in avfilter.
[rawvideo @ 0x5618b301c9c0] PACKET SIZE: 307200, STRIDE: 960
[rawvideo @ 0x5618b301ac00] PACKET SIZE: 307200, STRIDE: 960
[Parsed_ssim_0 @ 0x7f3d68004200] Copying data in avfilter.
[rawvideo @ 0x5618b301c9c0] PACKET SIZE: 307200, STRIDE: 960
[Parsed_psnr_1 @ 0x7f3d68004640] Copying data in avfilter.
[Parsed_ssim_0 @ 0x7f3d68004200] Copying data in avfilter.
[rawvideo @ 0x5618b301ac00] PACKET SIZE: 307200, STRIDE: 960
[rawvideo @ 0x5618b301c9c0] PACKET SIZE: 307200, STRIDE: 960
[Parsed_psnr_1 @ 0x7f3d68004640] Copying data in avfilter.
[rawvideo @ 0x5618b301ac00] PACKET SIZE: 307200, STRIDE: 960
[Parsed_ssim_0 @ 0x7f3d68004200] Copying data in avfilter.
[Parsed_psnr_1 @ 0x7f3d68004640] Copying data in avfilter.
[rawvideo @ 0x5618b301ac00] PACKET SIZE: 307200, STRIDE: 960
[Parsed_ssim_0 @ 0x7f3d68004200] Copying data in avfilter.
[rawvideo @ 0x5618b301ac00] PACKET SIZE: 307200, STRIDE: 960
[Parsed_psnr_1 @ 0x7f3d68004640] Copying data in avfilter.
[rawvideo @ 0x5618b301ac00] PACKET SIZE: 307200, STRIDE: 960
[rawvideo @ 0x5618b301ac00] PACKET SIZE: 307200, STRIDE: 960
[Parsed_ssim_0 @ 0x7f3d68004200] Copying data in avfilter.
[Parsed_psnr_1 @ 0x7f3d68004640] Copying data in avfilter.
[rawvideo @ 0x5618b301ac00] PACKET SIZE: 307200, STRIDE: 960
[Parsed_ssim_0 @ 0x7f3d68004200] Copying data in avfilter.
[Parsed_psnr_1 @ 0x7f3d68004640] Copying data in avfilter.
[rawvideo @ 0x5618b301ac00] PACKET SIZE: 307200, STRIDE: 960
[Parsed_ssim_0 @ 0x7f3d68004200] Copying data in avfilter.
[rawvideo @ 0x5618b301ac00] PACKET SIZE: 307200, STRIDE: 960
[Parsed_psnr_1 @ 0x7f3d68004640] Copying data in avfilter.
[Parsed_ssim_0 @ 0x7f3d68004200] Copying data in avfilter.
[Parsed_psnr_1 @ 0x7f3d68004640] Copying data in avfilter.
[rawvideo @ 0x5618b301ac00] PACKET SIZE: 307200, STRIDE: 960
[Parsed_ssim_0 @ 0x7f3d68004200] Copying data in avfilter.
[Parsed_psnr_1 @ 0x7f3d68004640] Copying data in avfilter.
[rawvideo @ 0x5618b301ac00] PACKET SIZE: 307200, STRIDE: 960
[Parsed_ssim_0 @ 0x7f3d68004200] Copying data in avfilter.
[rawvideo @ 0x5618b301ac00] PACKET SIZE: 307200, STRIDE: 960
[Parsed_psnr_1 @ 0x7f3d68004640] Copying data in avfilter.
[Parsed_ssim_0 @ 0x7f3d68004200] Copying data in avfilter.
[Parsed_psnr_1 @ 0x7f3d68004640] Copying data in avfilter.
[rawvideo @ 0x5618b301ac00] PACKET SIZE: 307200, STRIDE: 960
[rawvideo @ 0x5618b301ac00] PACKET SIZE: 307200, STRIDE: 960
[rawvideo @ 0x5618b301ac00] PACKET SIZE: 307200, STRIDE: 960
[rawvideo @ 0x5618b301ac00] PACKET SIZE: 307200, STRIDE: 960
[rawvideo @ 0x5618b301ac00] PACKET SIZE: 307200, STRIDE: 960
[rawvideo @ 0x5618b301ac00] PACKET SIZE: 307200, STRIDE: 960
[rawvideo @ 0x5618b301ac00] PACKET SIZE: 307200, STRIDE: 960
[rawvideo @ 0x5618b301c9c0] PACKET SIZE: 307200, STRIDE: 960
[rawvideo @ 0x5618b301ac00] PACKET SIZE: 307200, STRIDE: 960
[rawvideo @ 0x5618b301c9c0] PACKET SIZE: 307200, STRIDE: 960
[rawvideo @ 0x5618b301ac00] PACKET SIZE: 307200, STRIDE: 960
[Parsed_ssim_0 @ 0x7f3d68004200] Copying data in avfilter.
[rawvideo @ 0x5618b301c9c0] PACKET SIZE: 307200, STRIDE: 960
[Parsed_psnr_1 @ 0x7f3d68004640] Copying data in avfilter.
[rawvideo @ 0x5618b301c9c0] PACKET SIZE: 307200, STRIDE: 960
[Parsed_ssim_0 @ 0x7f3d68004200] Copying data in avfilter.
[rawvideo @ 0x5618b301c9c0] PACKET SIZE: 307200, STRIDE: 960
[rawvideo @ 0x5618b301c9c0] PACKET SIZE: 307200, STRIDE: 960
[Parsed_psnr_1 @ 0x7f3d68004640] Copying data in avfilter.
[Parsed_ssim_0 @ 0x7f3d68004200] Copying data in avfilter.
[rawvideo @ 0x5618b301c9c0] PACKET SIZE: 307200, STRIDE: 960
[Parsed_psnr_1 @ 0x7f3d68004640] Copying data in avfilter.
[rawvideo @ 0x5618b301c9c0] PACKET SIZE: 307200, STRIDE: 960
[Parsed_ssim_0 @ 0x7f3d68004200] Copying data in avfilter.
[Parsed_psnr_1 @ 0x7f3d68004640] Copying data in avfilter.
[rawvideo @ 0x5618b301c9c0] PACKET SIZE: 307200, STRIDE: 960
[Parsed_ssim_0 @ 0x7f3d68004200] Copying data in avfilter.
[Parsed_psnr_1 @ 0x7f3d68004640] Copying data in avfilter.
[rawvideo @ 0x5618b301c9c0] PACKET SIZE: 307200, STRIDE: 960
[Parsed_ssim_0 @ 0x7f3d68004200] Copying data in avfilter.
[rawvideo @ 0x5618b301c9c0] PACKET SIZE: 307200, STRIDE: 960
[Parsed_psnr_1 @ 0x7f3d68004640] Copying data in avfilter.
[Parsed_ssim_0 @ 0x7f3d68004200] Copying data in avfilter.
[Parsed_psnr_1 @ 0x7f3d68004640] Copying data in avfilter.
[rawvideo @ 0x5618b301c9c0] PACKET SIZE: 307200, STRIDE: 960
[Parsed_ssim_0 @ 0x7f3d68004200] Copying data in avfilter.
[Parsed_psnr_1 @ 0x7f3d68004640] Copying data in avfilter.
[rawvideo @ 0x5618b301c9c0] PACKET SIZE: 307200, STRIDE: 960
[Parsed_ssim_0 @ 0x7f3d68004200] Copying data in avfilter.
[Parsed_psnr_1 @ 0x7f3d68004640] Copying data in avfilter.
[rawvideo @ 0x5618b301c9c0] PACKET SIZE: 307200, STRIDE: 960
[Parsed_ssim_0 @ 0x7f3d68004200] Copying data in avfilter.
[Parsed_psnr_1 @ 0x7f3d68004640] Copying data in avfilter.
[rawvideo @ 0x5618b301c9c0] PACKET SIZE: 307200, STRIDE: 960
[Parsed_ssim_0 @ 0x7f3d68004200] Copying data in avfilter.
[Parsed_psnr_1 @ 0x7f3d68004640] Copying data in avfilter.
[rawvideo @ 0x5618b301c9c0] PACKET SIZE: 307200, STRIDE: 960
[Parsed_ssim_0 @ 0x7f3d68004200] Copying data in avfilter.
[rawvideo @ 0x5618b301c9c0] PACKET SIZE: 307200, STRIDE: 960
[Parsed_psnr_1 @ 0x7f3d68004640] Copying data in avfilter.
[Parsed_ssim_0 @ 0x7f3d68004200] Copying data in avfilter.
[Parsed_psnr_1 @ 0x7f3d68004640] Copying data in avfilter.
[rawvideo @ 0x5618b301c9c0] PACKET SIZE: 307200, STRIDE: 960
[rawvideo @ 0x5618b301c9c0] PACKET SIZE: 307200, STRIDE: 960
[rawvideo @ 0x5618b301ac00] PACKET SIZE: 307200, STRIDE: 960
[rawvideo @ 0x5618b301c9c0] PACKET SIZE: 307200, STRIDE: 960
[Parsed_ssim_0 @ 0x7f3d68004200] Copying data in avfilter.
[rawvideo @ 0x5618b301c9c0] PACKET SIZE: 307200, STRIDE: 960
[rawvideo @ 0x5618b301c9c0] PACKET SIZE: 307200, STRIDE: 960
[rawvideo @ 0x5618b301c9c0] PACKET SIZE: 307200, STRIDE: 960
[rawvideo @ 0x5618b301ac00] PACKET SIZE: 307200, STRIDE: 960
[Parsed_psnr_1 @ 0x7f3d68004640] Copying data in avfilter.
[rawvideo @ 0x5618b301ac00] PACKET SIZE: 307200, STRIDE: 960
[rawvideo @ 0x5618b301c9c0] PACKET SIZE: 307200, STRIDE: 960
[rawvideo @ 0x5618b301c9c0] PACKET SIZE: 307200, STRIDE: 960
[rawvideo @ 0x5618b301c9c0] PACKET SIZE: 307200, STRIDE: 960
[rawvideo @ 0x5618b301ac00] PACKET SIZE: 307200, STRIDE: 960
[Parsed_ssim_0 @ 0x7f3d68004200] Copying data in avfilter.
[Parsed_psnr_1 @ 0x7f3d68004640] Copying data in avfilter.
[Parsed_ssim_0 @ 0x7f3d68004200] Copying data in avfilter.
[rawvideo @ 0x5618b301ac00] PACKET SIZE: 307200, STRIDE: 960
[Parsed_psnr_1 @ 0x7f3d68004640] Copying data in avfilter.
[rawvideo @ 0x5618b301c9c0] PACKET SIZE: 307200, STRIDE: 960
[Parsed_ssim_0 @ 0x7f3d68004200] Copying data in avfilter.
[rawvideo @ 0x5618b301ac00] PACKET SIZE: 307200, STRIDE: 960
[Parsed_psnr_1 @ 0x7f3d68004640] Copying data in avfilter.
[rawvideo @ 0x5618b301ac00] PACKET SIZE: 307200, STRIDE: 960
[Parsed_ssim_0 @ 0x7f3d68004200] Copying data in avfilter.
[rawvideo @ 0x5618b301ac00] PACKET SIZE: 307200, STRIDE: 960
[rawvideo @ 0x5618b301ac00] PACKET SIZE: 307200, STRIDE: 960
[Parsed_psnr_1 @ 0x7f3d68004640] Copying data in avfilter.
[rawvideo @ 0x5618b301ac00] PACKET SIZE: 307200, STRIDE: 960
[Parsed_ssim_0 @ 0x7f3d68004200] Copying data in avfilter.
[Parsed_psnr_1 @ 0x7f3d68004640] Copying data in avfilter.
[rawvideo @ 0x5618b301ac00] PACKET SIZE: 307200, STRIDE: 960
[Parsed_ssim_0 @ 0x7f3d68004200] Copying data in avfilter.
[Parsed_psnr_1 @ 0x7f3d68004640] Copying data in avfilter.
[rawvideo @ 0x5618b301ac00] PACKET SIZE: 307200, STRIDE: 960
[Parsed_ssim_0 @ 0x7f3d68004200] Copying data in avfilter.
[Parsed_psnr_1 @ 0x7f3d68004640] Copying data in avfilter.
[rawvideo @ 0x5618b301ac00] PACKET SIZE: 307200, STRIDE: 960
[Parsed_ssim_0 @ 0x7f3d68004200] Copying data in avfilter.
[Parsed_psnr_1 @ 0x7f3d68004640] Copying data in avfilter.
[rawvideo @ 0x5618b301ac00] PACKET SIZE: 307200, STRIDE: 960
[Parsed_ssim_0 @ 0x7f3d68004200] Copying data in avfilter.
[Parsed_psnr_1 @ 0x7f3d68004640] Copying data in avfilter.
[rawvideo @ 0x5618b301ac00] PACKET SIZE: 307200, STRIDE: 960
[Parsed_ssim_0 @ 0x7f3d68004200] Copying data in avfilter.
[Parsed_psnr_1 @ 0x7f3d68004640] Copying data in avfilter.
[rawvideo @ 0x5618b301ac00] PACKET SIZE: 307200, STRIDE: 960
[Parsed_ssim_0 @ 0x7f3d68004200] Copying data in avfilter.
[Parsed_psnr_1 @ 0x7f3d68004640] Copying data in avfilter.
[rawvideo @ 0x5618b301ac00] PACKET SIZE: 307200, STRIDE: 960
[Parsed_ssim_0 @ 0x7f3d68004200] Copying data in avfilter.
[Parsed_psnr_1 @ 0x7f3d68004640] Copying data in avfilter.
[rawvideo @ 0x5618b301ac00] PACKET SIZE: 307200, STRIDE: 960
[Parsed_ssim_0 @ 0x7f3d68004200] Copying data in avfilter.
[rawvideo @ 0x5618b301ac00] PACKET SIZE: 307200, STRIDE: 960
[Parsed_psnr_1 @ 0x7f3d68004640] Copying data in avfilter.
[rawvideo @ 0x5618b301ac00] PACKET SIZE: 307200, STRIDE: 960
[rawvideo @ 0x5618b301ac00] PACKET SIZE: 307200, STRIDE: 960
[rawvideo @ 0x5618b301c9c0] PACKET SIZE: 307200, STRIDE: 960
[rawvideo @ 0x5618b301ac00] PACKET SIZE: 307200, STRIDE: 960
[rawvideo @ 0x5618b301ac00] PACKET SIZE: 307200, STRIDE: 960
[rawvideo @ 0x5618b301ac00] PACKET SIZE: 307200, STRIDE: 960
[rawvideo @ 0x5618b301ac00] PACKET SIZE: 307200, STRIDE: 960
[rawvideo @ 0x5618b301ac00] PACKET SIZE: 307200, STRIDE: 960
[rawvideo @ 0x5618b301ac00] PACKET SIZE: 307200, STRIDE: 960
[rawvideo @ 0x5618b301ac00] PACKET SIZE: 307200, STRIDE: 960
[rawvideo @ 0x5618b301c9c0] PACKET SIZE: 307200, STRIDE: 960
[Parsed_ssim_0 @ 0x7f3d68004200] Copying data in avfilter.
[rawvideo @ 0x5618b301c9c0] PACKET SIZE: 307200, STRIDE: 960
[rawvideo @ 0x5618b301c9c0] PACKET SIZE: 307200, STRIDE: 960
[rawvideo @ 0x5618b301c9c0] PACKET SIZE: 307200, STRIDE: 960
[Parsed_psnr_1 @ 0x7f3d68004640] Copying data in avfilter.
[rawvideo @ 0x5618b301c9c0] PACKET SIZE: 307200, STRIDE: 960
[Parsed_ssim_0 @ 0x7f3d68004200] Copying data in avfilter.
[Parsed_psnr_1 @ 0x7f3d68004640] Copying data in avfilter.
[rawvideo @ 0x5618b301c9c0] PACKET SIZE: 307200, STRIDE: 960
[Parsed_ssim_0 @ 0x7f3d68004200] Copying data in avfilter.
[Parsed_psnr_1 @ 0x7f3d68004640] Copying data in avfilter.
[rawvideo @ 0x5618b301c9c0] PACKET SIZE: 307200, STRIDE: 960
[Parsed_ssim_0 @ 0x7f3d68004200] Copying data in avfilter.
[Parsed_psnr_1 @ 0x7f3d68004640] Copying data in avfilter.
[rawvideo @ 0x5618b301c9c0] PACKET SIZE: 307200, STRIDE: 960
[Parsed_ssim_0 @ 0x7f3d68004200] Copying data in avfilter.
[Parsed_psnr_1 @ 0x7f3d68004640] Copying data in avfilter.
[rawvideo @ 0x5618b301c9c0] PACKET SIZE: 307200, STRIDE: 960
[Parsed_ssim_0 @ 0x7f3d68004200] Copying data in avfilter.
[Parsed_psnr_1 @ 0x7f3d68004640] Copying data in avfilter.
[rawvideo @ 0x5618b301c9c0] PACKET SIZE: 307200, STRIDE: 960
[Parsed_ssim_0 @ 0x7f3d68004200] Copying data in avfilter.
[Parsed_psnr_1 @ 0x7f3d68004640] Copying data in avfilter.
[rawvideo @ 0x5618b301c9c0] PACKET SIZE: 307200, STRIDE: 960
[Parsed_ssim_0 @ 0x7f3d68004200] Copying data in avfilter.
[Parsed_psnr_1 @ 0x7f3d68004640] Copying data in avfilter.
[rawvideo @ 0x5618b301c9c0] PACKET SIZE: 307200, STRIDE: 960
[Parsed_ssim_0 @ 0x7f3d68004200] Copying data in avfilter.
[rawvideo @ 0x5618b301c9c0] PACKET SIZE: 307200, STRIDE: 960
[Parsed_psnr_1 @ 0x7f3d68004640] Copying data in avfilter.
[Parsed_ssim_0 @ 0x7f3d68004200] Copying data in avfilter.
[Parsed_psnr_1 @ 0x7f3d68004640] Copying data in avfilter.
[rawvideo @ 0x5618b301c9c0] PACKET SIZE: 307200, STRIDE: 960
[Parsed_ssim_0 @ 0x7f3d68004200] Copying data in avfilter.
[Parsed_psnr_1 @ 0x7f3d68004640] Copying data in avfilter.
[rawvideo @ 0x5618b301c9c0] PACKET SIZE: 307200, STRIDE: 960
[Parsed_ssim_0 @ 0x7f3d68004200] Copying data in avfilter.
[Parsed_psnr_1 @ 0x7f3d68004640] Copying data in avfilter.
[rawvideo @ 0x5618b301c9c0] PACKET SIZE: 307200, STRIDE: 960
[Parsed_ssim_0 @ 0x7f3d68004200] Copying data in avfilter.
[Parsed_psnr_1 @ 0x7f3d68004640] Copying data in avfilter.
[rawvideo @ 0x5618b301c9c0] PACKET SIZE: 307200, STRIDE: 960
[Parsed_ssim_0 @ 0x7f3d68004200] Copying data in avfilter.
[Parsed_psnr_1 @ 0x7f3d68004640] Copying data in avfilter.
[rawvideo @ 0x5618b301c9c0] PACKET SIZE: 307200, STRIDE: 960
[rawvideo @ 0x5618b301c9c0] PACKET SIZE: 307200, STRIDE: 960
[rawvideo @ 0x5618b301ac00] PACKET SIZE: 307200, STRIDE: 960
[rawvideo @ 0x5618b301c9c0] PACKET SIZE: 307200, STRIDE: 960
[Parsed_ssim_0 @ 0x7f3d68004200] Copying data in avfilter.
[rawvideo @ 0x5618b301c9c0] PACKET SIZE: 307200, STRIDE: 960
[rawvideo @ 0x5618b301c9c0] PACKET SIZE: 307200, STRIDE: 960
[rawvideo @ 0x5618b301ac00] PACKET SIZE: 307200, STRIDE: 960
[rawvideo @ 0x5618b301c9c0] PACKET SIZE: 307200, STRIDE: 960
[Parsed_psnr_1 @ 0x7f3d68004640] Copying data in avfilter.
[rawvideo @ 0x5618b301ac00] PACKET SIZE: 307200, STRIDE: 960
[rawvideo @ 0x5618b301c9c0] PACKET SIZE: 307200, STRIDE: 960
[Parsed_ssim_0 @ 0x7f3d68004200] Copying data in avfilter.
[rawvideo @ 0x5618b301ac00] PACKET SIZE: 307200, STRIDE: 960
[rawvideo @ 0x5618b301ac00] PACKET SIZE: 307200, STRIDE: 960
[rawvideo @ 0x5618b301ac00] PACKET SIZE: 307200, STRIDE: 960
[Parsed_psnr_1 @ 0x7f3d68004640] Copying data in avfilter.
[Parsed_ssim_0 @ 0x7f3d68004200] Copying data in avfilter.
[rawvideo @ 0x5618b301c9c0] PACKET SIZE: 307200, STRIDE: 960
[Parsed_psnr_1 @ 0x7f3d68004640] Copying data in avfilter.
[rawvideo @ 0x5618b301ac00] PACKET SIZE: 307200, STRIDE: 960
[Parsed_ssim_0 @ 0x7f3d68004200] Copying data in avfilter.
[Parsed_psnr_1 @ 0x7f3d68004640] Copying data in avfilter.
[rawvideo @ 0x5618b301c9c0] PACKET SIZE: 307200, STRIDE: 960
[Parsed_ssim_0 @ 0x7f3d68004200] Copying data in avfilter.
[rawvideo @ 0x5618b301ac00] PACKET SIZE: 307200, STRIDE: 960
[Parsed_psnr_1 @ 0x7f3d68004640] Copying data in avfilter.
[Parsed_ssim_0 @ 0x7f3d68004200] Copying data in avfilter.
[rawvideo @ 0x5618b301c9c0] PACKET SIZE: 307200, STRIDE: 960
[Parsed_psnr_1 @ 0x7f3d68004640] Copying data in avfilter.
[rawvideo @ 0x5618b301ac00] PACKET SIZE: 307200, STRIDE: 960
[Parsed_ssim_0 @ 0x7f3d68004200] Copying data in avfilter.
[Parsed_psnr_1 @ 0x7f3d68004640] Copying data in avfilter.
[rawvideo @ 0x5618b301ac00] PACKET SIZE: 307200, STRIDE: 960
[Parsed_ssim_0 @ 0x7f3d68004200] Copying data in avfilter.
[rawvideo @ 0x5618b301ac00] PACKET SIZE: 307200, STRIDE: 960
[Parsed_psnr_1 @ 0x7f3d68004640] Copying data in avfilter.
[rawvideo @ 0x5618b301ac00] PACKET SIZE: 307200, STRIDE: 960
[Parsed_ssim_0 @ 0x7f3d68004200] Copying data in avfilter.
[rawvideo @ 0x5618b301ac00] PACKET SIZE: 307200, STRIDE: 960
[rawvideo @ 0x5618b301ac00] PACKET SIZE: 307200, STRIDE: 960
[Parsed_psnr_1 @ 0x7f3d68004640] Copying data in avfilter.
[Parsed_ssim_0 @ 0x7f3d68004200] Copying data in avfilter.
[Parsed_psnr_1 @ 0x7f3d68004640] Copying data in avfilter.
[rawvideo @ 0x5618b301ac00] PACKET SIZE: 307200, STRIDE: 960
[Parsed_ssim_0 @ 0x7f3d68004200] Copying data in avfilter.
[Parsed_psnr_1 @ 0x7f3d68004640] Copying data in avfilter.
[rawvideo @ 0x5618b301ac00] PACKET SIZE: 307200, STRIDE: 960
[Parsed_ssim_0 @ 0x7f3d68004200] Copying data in avfilter.
[Parsed_psnr_1 @ 0x7f3d68004640] Copying data in avfilter.
[rawvideo @ 0x5618b301ac00] PACKET SIZE: 307200, STRIDE: 960
[Parsed_ssim_0 @ 0x7f3d68004200] Copying data in avfilter.
[Parsed_psnr_1 @ 0x7f3d68004640] Copying data in avfilter.
[rawvideo @ 0x5618b301ac00] PACKET SIZE: 307200, STRIDE: 960
[Parsed_ssim_0 @ 0x7f3d68004200] Copying data in avfilter.
[Parsed_psnr_1 @ 0x7f3d68004640] Copying data in avfilter.
[rawvideo @ 0x5618b301ac00] PACKET SIZE: 307200, STRIDE: 960
[rawvideo @ 0x5618b301ac00] PACKET SIZE: 307200, STRIDE: 960
[rawvideo @ 0x5618b301ac00] PACKET SIZE: 307200, STRIDE: 960
[rawvideo @ 0x5618b301ac00] PACKET SIZE: 307200, STRIDE: 960
[rawvideo @ 0x5618b301c9c0] PACKET SIZE: 307200, STRIDE: 960
[rawvideo @ 0x5618b301ac00] PACKET SIZE: 307200, STRIDE: 960
[rawvideo @ 0x5618b301ac00] PACKET SIZE: 307200, STRIDE: 960
[rawvideo @ 0x5618b301ac00] PACKET SIZE: 307200, STRIDE: 960
[rawvideo @ 0x5618b301ac00] PACKET SIZE: 307200, STRIDE: 960
[rawvideo @ 0x5618b301c9c0] PACKET SIZE: 307200, STRIDE: 960
[Parsed_ssim_0 @ 0x7f3d68004200] Copying data in avfilter.
[Parsed_psnr_1 @ 0x7f3d68004640] Copying data in avfilter.
[rawvideo @ 0x5618b301ac00] PACKET SIZE: 307200, STRIDE: 960
[rawvideo @ 0x5618b301c9c0] PACKET SIZE: 307200, STRIDE: 960
[rawvideo @ 0x5618b301ac00] PACKET SIZE: 307200, STRIDE: 960
[Parsed_ssim_0 @ 0x7f3d68004200] Copying data in avfilter.
[rawvideo @ 0x5618b301c9c0] PACKET SIZE: 307200, STRIDE: 960
[Parsed_psnr_1 @ 0x7f3d68004640] Copying data in avfilter.
[rawvideo @ 0x5618b301c9c0] PACKET SIZE: 307200, STRIDE: 960
[Parsed_ssim_0 @ 0x7f3d68004200] Copying data in avfilter.
[rawvideo @ 0x5618b301c9c0] PACKET SIZE: 307200, STRIDE: 960
[rawvideo @ 0x5618b301c9c0] PACKET SIZE: 307200, STRIDE: 960
[Parsed_psnr_1 @ 0x7f3d68004640] Copying data in avfilter.
[Parsed_ssim_0 @ 0x7f3d68004200] Copying data in avfilter.
[rawvideo @ 0x5618b301c9c0] PACKET SIZE: 307200, STRIDE: 960
[rawvideo @ 0x5618b301c9c0] PACKET SIZE: 307200, STRIDE: 960
[Parsed_psnr_1 @ 0x7f3d68004640] Copying data in avfilter.
[Parsed_ssim_0 @ 0x7f3d68004200] Copying data in avfilter.
[Parsed_psnr_1 @ 0x7f3d68004640] Copying data in avfilter.
[rawvideo @ 0x5618b301c9c0] PACKET SIZE: 307200, STRIDE: 960
[Parsed_ssim_0 @ 0x7f3d68004200] Copying data in avfilter.
[Parsed_psnr_1 @ 0x7f3d68004640] Copying data in avfilter.
[rawvideo @ 0x5618b301c9c0] PACKET SIZE: 307200, STRIDE: 960
[Parsed_ssim_0 @ 0x7f3d68004200] Copying data in avfilter.
[Parsed_psnr_1 @ 0x7f3d68004640] Copying data in avfilter.
[rawvideo @ 0x5618b301c9c0] PACKET SIZE: 307200, STRIDE: 960
[Parsed_ssim_0 @ 0x7f3d68004200] Copying data in avfilter.
[Parsed_psnr_1 @ 0x7f3d68004640] Copying data in avfilter.
[rawvideo @ 0x5618b301c9c0] PACKET SIZE: 307200, STRIDE: 960
[Parsed_ssim_0 @ 0x7f3d68004200] Copying data in avfilter.
[Parsed_psnr_1 @ 0x7f3d68004640] Copying data in avfilter.
[rawvideo @ 0x5618b301c9c0] PACKET SIZE: 307200, STRIDE: 960
[Parsed_ssim_0 @ 0x7f3d68004200] Copying data in avfilter.
[Parsed_psnr_1 @ 0x7f3d68004640] Copying data in avfilter.
[rawvideo @ 0x5618b301c9c0] PACKET SIZE: 307200, STRIDE: 960
[Parsed_ssim_0 @ 0x7f3d68004200] Copying data in avfilter.
[Parsed_psnr_1 @ 0x7f3d68004640] Copying data in avfilter.
[rawvideo @ 0x5618b301c9c0] PACKET SIZE: 307200, STRIDE: 960
[Parsed_ssim_0 @ 0x7f3d68004200] Copying data in avfilter.
[Parsed_psnr_1 @ 0x7f3d68004640] Copying data in avfilter.
[rawvideo @ 0x5618b301c9c0] PACKET SIZE: 307200, STRIDE: 960
[Parsed_ssim_0 @ 0x7f3d68004200] Copying data in avfilter.
[Parsed_psnr_1 @ 0x7f3d68004640] Copying data in avfilter.
[rawvideo @ 0x5618b301c9c0] PACKET SIZE: 307200, STRIDE: 960
[Parsed_ssim_0 @ 0x7f3d68004200] Copying data in avfilter.
[Parsed_psnr_1 @ 0x7f3d68004640] Copying data in avfilter.
[rawvideo @ 0x5618b301c9c0] PACKET SIZE: 307200, STRIDE: 960
[rawvideo @ 0x5618b301c9c0] PACKET SIZE: 307200, STRIDE: 960
[rawvideo @ 0x5618b301ac00] PACKET SIZE: 307200, STRIDE: 960
[rawvideo @ 0x5618b301c9c0] PACKET SIZE: 307200, STRIDE: 960
[Parsed_ssim_0 @ 0x7f3d68004200] Copying data in avfilter.
[rawvideo @ 0x5618b301c9c0] PACKET SIZE: 307200, STRIDE: 960
[rawvideo @ 0x5618b301c9c0] PACKET SIZE: 307200, STRIDE: 960
[rawvideo @ 0x5618b301c9c0] PACKET SIZE: 307200, STRIDE: 960
[rawvideo @ 0x5618b301ac00] PACKET SIZE: 307200, STRIDE: 960
[Parsed_psnr_1 @ 0x7f3d68004640] Copying data in avfilter.
[rawvideo @ 0x5618b301c9c0] PACKET SIZE: 307200, STRIDE: 960
[rawvideo @ 0x5618b301ac00] PACKET SIZE: 307200, STRIDE: 960
[rawvideo @ 0x5618b301ac00] PACKET SIZE: 307200, STRIDE: 960
[Parsed_ssim_0 @ 0x7f3d68004200] Copying data in avfilter.
[rawvideo @ 0x5618b301ac00] PACKET SIZE: 307200, STRIDE: 960
[rawvideo @ 0x5618b301c9c0] PACKET SIZE: 307200, STRIDE: 960
[rawvideo @ 0x5618b301ac00] PACKET SIZE: 307200, STRIDE: 960
[Parsed_psnr_1 @ 0x7f3d68004640] Copying data in avfilter.
[Parsed_ssim_0 @ 0x7f3d68004200] Copying data in avfilter.
[rawvideo @ 0x5618b301c9c0] PACKET SIZE: 307200, STRIDE: 960
[Parsed_psnr_1 @ 0x7f3d68004640] Copying data in avfilter.
[rawvideo @ 0x5618b301ac00] PACKET SIZE: 307200, STRIDE: 960
[Parsed_ssim_0 @ 0x7f3d68004200] Copying data in avfilter.
[Parsed_psnr_1 @ 0x7f3d68004640] Copying data in avfilter.
[rawvideo @ 0x5618b301c9c0] PACKET SIZE: 307200, STRIDE: 960
[Parsed_ssim_0 @ 0x7f3d68004200] Copying data in avfilter.
[Parsed_psnr_1 @ 0x7f3d68004640] Copying data in avfilter.
[Parsed_ssim_0 @ 0x7f3d68004200] Copying data in avfilter.
[rawvideo @ 0x5618b301ac00] PACKET SIZE: 307200, STRIDE: 960
[Parsed_psnr_1 @ 0x7f3d68004640] Copying data in avfilter.
[rawvideo @ 0x5618b301ac00] PACKET SIZE: 307200, STRIDE: 960
[Parsed_ssim_0 @ 0x7f3d68004200] Copying data in avfilter.
[rawvideo @ 0x5618b301ac00] PACKET SIZE: 307200, STRIDE: 960
[Parsed_psnr_1 @ 0x7f3d68004640] Copying data in avfilter.
[rawvideo @ 0x5618b301ac00] PACKET SIZE: 307200, STRIDE: 960
[rawvideo @ 0x5618b301ac00] PACKET SIZE: 307200, STRIDE: 960
[Parsed_ssim_0 @ 0x7f3d68004200] Copying data in avfilter.
[Parsed_psnr_1 @ 0x7f3d68004640] Copying data in avfilter.
[rawvideo @ 0x5618b301ac00] PACKET SIZE: 307200, STRIDE: 960
[Parsed_ssim_0 @ 0x7f3d68004200] Copying data in avfilter.
[Parsed_psnr_1 @ 0x7f3d68004640] Copying data in avfilter.
[rawvideo @ 0x5618b301ac00] PACKET SIZE: 307200, STRIDE: 960
[Parsed_ssim_0 @ 0x7f3d68004200] Copying data in avfilter.
[Parsed_psnr_1 @ 0x7f3d68004640] Copying data in avfilter.
[rawvideo @ 0x5618b301ac00] PACKET SIZE: 307200, STRIDE: 960
[Parsed_ssim_0 @ 0x7f3d68004200] Copying data in avfilter.
[Parsed_psnr_1 @ 0x7f3d68004640] Copying data in avfilter.
[rawvideo @ 0x5618b301ac00] PACKET SIZE: 307200, STRIDE: 960
[Parsed_ssim_0 @ 0x7f3d68004200] Copying data in avfilter.
[Parsed_psnr_1 @ 0x7f3d68004640] Copying data in avfilter.
[rawvideo @ 0x5618b301ac00] PACKET SIZE: 307200, STRIDE: 960
[Parsed_ssim_0 @ 0x7f3d68004200] Copying data in avfilter.
[Parsed_psnr_1 @ 0x7f3d68004640] Copying data in avfilter.
[rawvideo @ 0x5618b301ac00] PACKET SIZE: 307200, STRIDE: 960
[Parsed_ssim_0 @ 0x7f3d68004200] Copying data in avfilter.
[Parsed_psnr_1 @ 0x7f3d68004640] Copying data in avfilter.
[rawvideo @ 0x5618b301ac00] PACKET SIZE: 307200, STRIDE: 960
[rawvideo @ 0x5618b301ac00] PACKET SIZE: 307200, STRIDE: 960
[rawvideo @ 0x5618b301c9c0] PACKET SIZE: 307200, STRIDE: 960
[rawvideo @ 0x5618b301ac00] PACKET SIZE: 307200, STRIDE: 960
[rawvideo @ 0x5618b301c9c0] PACKET SIZE: 307200, STRIDE: 960
[rawvideo @ 0x5618b301ac00] PACKET SIZE: 307200, STRIDE: 960
[Parsed_ssim_0 @ 0x7f3d68004200] Copying data in avfilter.
[rawvideo @ 0x5618b301ac00] PACKET SIZE: 307200, STRIDE: 960
[rawvideo @ 0x5618b301c9c0] PACKET SIZE: 307200, STRIDE: 960
[Parsed_psnr_1 @ 0x7f3d68004640] Copying data in avfilter.
[rawvideo @ 0x5618b301ac00] PACKET SIZE: 307200, STRIDE: 960
[rawvideo @ 0x5618b301ac00] PACKET SIZE: 307200, STRIDE: 960
[Parsed_ssim_0 @ 0x7f3d68004200] Copying data in avfilter.
[Parsed_psnr_1 @ 0x7f3d68004640] Copying data in avfilter.
[rawvideo @ 0x5618b301ac00] PACKET SIZE: 307200, STRIDE: 960
[rawvideo @ 0x5618b301c9c0] PACKET SIZE: 307200, STRIDE: 960
[Parsed_ssim_0 @ 0x7f3d68004200] Copying data in avfilter.
[rawvideo @ 0x5618b301c9c0] PACKET SIZE: 307200, STRIDE: 960
[rawvideo @ 0x5618b301ac00] PACKET SIZE: 307200, STRIDE: 960
[rawvideo @ 0x5618b301ac00] PACKET SIZE: 307200, STRIDE: 960
[rawvideo @ 0x5618b301c9c0] PACKET SIZE: 307200, STRIDE: 960
[Parsed_psnr_1 @ 0x7f3d68004640] Copying data in avfilter.
[Parsed_ssim_0 @ 0x7f3d68004200] Copying data in avfilter.
[rawvideo @ 0x5618b301c9c0] PACKET SIZE: 307200, STRIDE: 960
[Parsed_psnr_1 @ 0x7f3d68004640] Copying data in avfilter.
[Parsed_ssim_0 @ 0x7f3d68004200] Copying data in avfilter.
[Parsed_psnr_1 @ 0x7f3d68004640] Copying data in avfilter.
[rawvideo @ 0x5618b301c9c0] PACKET SIZE: 307200, STRIDE: 960
[rawvideo @ 0x5618b301c9c0] PACKET SIZE: 307200, STRIDE: 960
[Parsed_ssim_0 @ 0x7f3d68004200] Copying data in avfilter.
[rawvideo @ 0x5618b301c9c0] PACKET SIZE: 307200, STRIDE: 960
[Parsed_psnr_1 @ 0x7f3d68004640] Copying data in avfilter.
[Parsed_ssim_0 @ 0x7f3d68004200] Copying data in avfilter.
[rawvideo @ 0x5618b301c9c0] PACKET SIZE: 307200, STRIDE: 960
[Parsed_psnr_1 @ 0x7f3d68004640] Copying data in avfilter.
[rawvideo @ 0x5618b301c9c0] PACKET SIZE: 307200, STRIDE: 960
[Parsed_ssim_0 @ 0x7f3d68004200] Copying data in avfilter.
[Parsed_psnr_1 @ 0x7f3d68004640] Copying data in avfilter.
[rawvideo @ 0x5618b301c9c0] PACKET SIZE: 307200, STRIDE: 960
[Parsed_ssim_0 @ 0x7f3d68004200] Copying data in avfilter.
[Parsed_psnr_1 @ 0x7f3d68004640] Copying data in avfilter.
[rawvideo @ 0x5618b301c9c0] PACKET SIZE: 307200, STRIDE: 960
[Parsed_ssim_0 @ 0x7f3d68004200] Copying data in avfilter.
[Parsed_psnr_1 @ 0x7f3d68004640] Copying data in avfilter.
[rawvideo @ 0x5618b301c9c0] PACKET SIZE: 307200, STRIDE: 960
[Parsed_ssim_0 @ 0x7f3d68004200] Copying data in avfilter.
[Parsed_psnr_1 @ 0x7f3d68004640] Copying data in avfilter.
[rawvideo @ 0x5618b301c9c0] PACKET SIZE: 307200, STRIDE: 960
[Parsed_ssim_0 @ 0x7f3d68004200] Copying data in avfilter.
[Parsed_psnr_1 @ 0x7f3d68004640] Copying data in avfilter.
[rawvideo @ 0x5618b301c9c0] PACKET SIZE: 307200, STRIDE: 960
[Parsed_ssim_0 @ 0x7f3d68004200] Copying data in avfilter.
[Parsed_psnr_1 @ 0x7f3d68004640] Copying data in avfilter.
[rawvideo @ 0x5618b301c9c0] PACKET SIZE: 307200, STRIDE: 960
[Parsed_ssim_0 @ 0x7f3d68004200] Copying data in avfilter.
[Parsed_psnr_1 @ 0x7f3d68004640] Copying data in avfilter.
[rawvideo @ 0x5618b301c9c0] PACKET SIZE: 307200, STRIDE: 960
[rawvideo @ 0x5618b301ac00] PACKET SIZE: 307200, STRIDE: 960
[rawvideo @ 0x5618b301c9c0] PACKET SIZE: 307200, STRIDE: 960
[Parsed_ssim_0 @ 0x7f3d68004200] Copying data in avfilter.
[rawvideo @ 0x5618b301ac00] PACKET SIZE: 307200, STRIDE: 960
[rawvideo @ 0x5618b301c9c0] PACKET SIZE: 307200, STRIDE: 960
[rawvideo @ 0x5618b301c9c0] PACKET SIZE: 307200, STRIDE: 960
[rawvideo @ 0x5618b301ac00] PACKET SIZE: 307200, STRIDE: 960
[Parsed_psnr_1 @ 0x7f3d68004640] Copying data in avfilter.
[rawvideo @ 0x5618b301ac00] PACKET SIZE: 307200, STRIDE: 960
[Parsed_ssim_0 @ 0x7f3d68004200] Copying data in avfilter.
[rawvideo @ 0x5618b301c9c0] PACKET SIZE: 307200, STRIDE: 960
[rawvideo @ 0x5618b301ac00] PACKET SIZE: 307200, STRIDE: 960
[Parsed_psnr_1 @ 0x7f3d68004640] Copying data in avfilter.
[Parsed_ssim_0 @ 0x7f3d68004200] Copying data in avfilter.
[rawvideo @ 0x5618b301ac00] PACKET SIZE: 307200, STRIDE: 960
[rawvideo @ 0x5618b301c9c0] PACKET SIZE: 307200, STRIDE: 960
[Parsed_psnr_1 @ 0x7f3d68004640] Copying data in avfilter.
[rawvideo @ 0x5618b301ac00] PACKET SIZE: 307200, STRIDE: 960
[Parsed_ssim_0 @ 0x7f3d68004200] Copying data in avfilter.
[Parsed_psnr_1 @ 0x7f3d68004640] Copying data in avfilter.
[Parsed_ssim_0 @ 0x7f3d68004200] Copying data in avfilter.
[rawvideo @ 0x5618b301ac00] PACKET SIZE: 307200, STRIDE: 960
[Parsed_psnr_1 @ 0x7f3d68004640] Copying data in avfilter.
[Parsed_ssim_0 @ 0x7f3d68004200] Copying data in avfilter.
[rawvideo @ 0x5618b301ac00] PACKET SIZE: 307200, STRIDE: 960
[rawvideo @ 0x5618b301c9c0] PACKET SIZE: 307200, STRIDE: 960
[rawvideo @ 0x5618b301ac00] PACKET SIZE: 307200, STRIDE: 960
[Parsed_psnr_1 @ 0x7f3d68004640] Copying data in avfilter.
[Parsed_ssim_0 @ 0x7f3d68004200] Copying data in avfilter.
[rawvideo @ 0x5618b301ac00] PACKET SIZE: 307200, STRIDE: 960
[Parsed_psnr_1 @ 0x7f3d68004640] Copying data in avfilter.
[Parsed_ssim_0 @ 0x7f3d68004200] Copying data in avfilter.
[rawvideo @ 0x5618b301ac00] PACKET SIZE: 307200, STRIDE: 960
[Parsed_psnr_1 @ 0x7f3d68004640] Copying data in avfilter.
[Parsed_ssim_0 @ 0x7f3d68004200] Copying data in avfilter.
[rawvideo @ 0x5618b301ac00] PACKET SIZE: 307200, STRIDE: 960
[Parsed_psnr_1 @ 0x7f3d68004640] Copying data in avfilter.
[Parsed_ssim_0 @ 0x7f3d68004200] Copying data in avfilter.
[rawvideo @ 0x5618b301ac00] PACKET SIZE: 307200, STRIDE: 960
[Parsed_psnr_1 @ 0x7f3d68004640] Copying data in avfilter.
[rawvideo @ 0x5618b301ac00] PACKET SIZE: 307200, STRIDE: 960
[rawvideo @ 0x5618b301ac00] PACKET SIZE: 307200, STRIDE: 960
[Parsed_ssim_0 @ 0x7f3d68004200] Copying data in avfilter.
[rawvideo @ 0x5618b301c9c0] PACKET SIZE: 307200, STRIDE: 960
[rawvideo @ 0x5618b301c9c0] PACKET SIZE: 307200, STRIDE: 960
[rawvideo @ 0x5618b301c9c0] PACKET SIZE: 307200, STRIDE: 960
[rawvideo @ 0x5618b301ac00] PACKET SIZE: 307200, STRIDE: 960
[Parsed_psnr_1 @ 0x7f3d68004640] Copying data in avfilter.
[rawvideo @ 0x5618b301c9c0] PACKET SIZE: 307200, STRIDE: 960
[rawvideo @ 0x5618b301ac00] PACKET SIZE: 307200, STRIDE: 960
[Parsed_ssim_0 @ 0x7f3d68004200] Copying data in avfilter.
[Parsed_psnr_1 @ 0x7f3d68004640] Copying data in avfilter.
[Parsed_ssim_0 @ 0x7f3d68004200] Copying data in avfilter.
[rawvideo @ 0x5618b301c9c0] PACKET SIZE: 307200, STRIDE: 960
[Parsed_psnr_1 @ 0x7f3d68004640] Copying data in avfilter.
[rawvideo @ 0x5618b301ac00] PACKET SIZE: 307200, STRIDE: 960
[Parsed_ssim_0 @ 0x7f3d68004200] Copying data in avfilter.
[Parsed_psnr_1 @ 0x7f3d68004640] Copying data in avfilter.
[rawvideo @ 0x5618b301c9c0] PACKET SIZE: 307200, STRIDE: 960
[Parsed_ssim_0 @ 0x7f3d68004200] Copying data in avfilter.
[rawvideo @ 0x5618b301c9c0] PACKET SIZE: 307200, STRIDE: 960
[Parsed_psnr_1 @ 0x7f3d68004640] Copying data in avfilter.
[Parsed_ssim_0 @ 0x7f3d68004200] Copying data in avfilter.
[rawvideo @ 0x5618b301c9c0] PACKET SIZE: 307200, STRIDE: 960
[rawvideo @ 0x5618b301ac00] PACKET SIZE: 307200, STRIDE: 960
[rawvideo @ 0x5618b301c9c0] PACKET SIZE: 307200, STRIDE: 960
[Parsed_psnr_1 @ 0x7f3d68004640] Copying data in avfilter.
[Parsed_ssim_0 @ 0x7f3d68004200] Copying data in avfilter.
[Parsed_psnr_1 @ 0x7f3d68004640] Copying data in avfilter.
[rawvideo @ 0x5618b301ac00] PACKET SIZE: 307200, STRIDE: 960
[Parsed_ssim_0 @ 0x7f3d68004200] Copying data in avfilter.
[Parsed_psnr_1 @ 0x7f3d68004640] Copying data in avfilter.
[rawvideo @ 0x5618b301c9c0] PACKET SIZE: 307200, STRIDE: 960
[Parsed_ssim_0 @ 0x7f3d68004200] Copying data in avfilter.
[rawvideo @ 0x5618b301ac00] PACKET SIZE: 307200, STRIDE: 960
[Parsed_psnr_1 @ 0x7f3d68004640] Copying data in avfilter.
[rawvideo @ 0x5618b301c9c0] PACKET SIZE: 307200, STRIDE: 960
[rawvideo @ 0x5618b301ac00] PACKET SIZE: 307200, STRIDE: 960
[Parsed_ssim_0 @ 0x7f3d68004200] Copying data in avfilter.
[Parsed_psnr_1 @ 0x7f3d68004640] Copying data in avfilter.
[rawvideo @ 0x5618b301c9c0] PACKET SIZE: 307200, STRIDE: 960
[Parsed_ssim_0 @ 0x7f3d68004200] Copying data in avfilter.
[Parsed_psnr_1 @ 0x7f3d68004640] Copying data in avfilter.
[rawvideo @ 0x5618b301c9c0] PACKET SIZE: 307200, STRIDE: 960
[rawvideo @ 0x5618b301c9c0] PACKET SIZE: 307200, STRIDE: 960
[Parsed_ssim_0 @ 0x7f3d68004200] Copying data in avfilter.
[Parsed_psnr_1 @ 0x7f3d68004640] Copying data in avfilter.
[rawvideo @ 0x5618b301c9c0] PACKET SIZE: 307200, STRIDE: 960
[rawvideo @ 0x5618b301c9c0] PACKET SIZE: 307200, STRIDE: 960
[Parsed_ssim_0 @ 0x7f3d68004200] Copying data in avfilter.
[Parsed_psnr_1 @ 0x7f3d68004640] Copying data in avfilter.
[rawvideo @ 0x5618b301c9c0] PACKET SIZE: 307200, STRIDE: 960
[rawvideo @ 0x5618b301c9c0] PACKET SIZE: 307200, STRIDE: 960
[rawvideo @ 0x5618b301ac00] PACKET SIZE: 307200, STRIDE: 960
[rawvideo @ 0x5618b301c9c0] PACKET SIZE: 307200, STRIDE: 960
[rawvideo @ 0x5618b301c9c0] PACKET SIZE: 307200, STRIDE: 960
[Parsed_ssim_0 @ 0x7f3d68004200] Copying data in avfilter.
[rawvideo @ 0x5618b301ac00] PACKET SIZE: 307200, STRIDE: 960
[rawvideo @ 0x5618b301c9c0] PACKET SIZE: 307200, STRIDE: 960
[rawvideo @ 0x5618b301ac00] PACKET SIZE: 307200, STRIDE: 960
[rawvideo @ 0x5618b301c9c0] PACKET SIZE: 307200, STRIDE: 960
[Parsed_psnr_1 @ 0x7f3d68004640] Copying data in avfilter.
[Parsed_ssim_0 @ 0x7f3d68004200] Copying data in avfilter.
[rawvideo @ 0x5618b301ac00] PACKET SIZE: 307200, STRIDE: 960
[Parsed_psnr_1 @ 0x7f3d68004640] Copying data in avfilter.
[rawvideo @ 0x5618b301c9c0] PACKET SIZE: 307200, STRIDE: 960
[Parsed_ssim_0 @ 0x7f3d68004200] Copying data in avfilter.
[rawvideo @ 0x5618b301ac00] PACKET SIZE: 307200, STRIDE: 960
[rawvideo @ 0x5618b301c9c0] PACKET SIZE: 307200, STRIDE: 960
[Parsed_psnr_1 @ 0x7f3d68004640] Copying data in avfilter.
[rawvideo @ 0x5618b301ac00] PACKET SIZE: 307200, STRIDE: 960
[Parsed_ssim_0 @ 0x7f3d68004200] Copying data in avfilter.
[rawvideo @ 0x5618b301ac00] PACKET SIZE: 307200, STRIDE: 960
[Parsed_psnr_1 @ 0x7f3d68004640] Copying data in avfilter.
[rawvideo @ 0x5618b301ac00] PACKET SIZE: 307200, STRIDE: 960
[Parsed_ssim_0 @ 0x7f3d68004200] Copying data in avfilter.
[Parsed_psnr_1 @ 0x7f3d68004640] Copying data in avfilter.
[rawvideo @ 0x5618b301ac00] PACKET SIZE: 307200, STRIDE: 960
[rawvideo @ 0x5618b301ac00] PACKET SIZE: 307200, STRIDE: 960
[Parsed_ssim_0 @ 0x7f3d68004200] Copying data in avfilter.
[Parsed_psnr_1 @ 0x7f3d68004640] Copying data in avfilter.
[rawvideo @ 0x5618b301ac00] PACKET SIZE: 307200, STRIDE: 960
[Parsed_ssim_0 @ 0x7f3d68004200] Copying data in avfilter.
[Parsed_psnr_1 @ 0x7f3d68004640] Copying data in avfilter.
[rawvideo @ 0x5618b301ac00] PACKET SIZE: 307200, STRIDE: 960
[Parsed_ssim_0 @ 0x7f3d68004200] Copying data in avfilter.
[Parsed_psnr_1 @ 0x7f3d68004640] Copying data in avfilter.
[rawvideo @ 0x5618b301ac00] PACKET SIZE: 307200, STRIDE: 960
[Parsed_ssim_0 @ 0x7f3d68004200] Copying data in avfilter.
[rawvideo @ 0x5618b301ac00] PACKET SIZE: 307200, STRIDE: 960
[Parsed_psnr_1 @ 0x7f3d68004640] Copying data in avfilter.
[Parsed_ssim_0 @ 0x7f3d68004200] Copying data in avfilter.
[Parsed_psnr_1 @ 0x7f3d68004640] Copying data in avfilter.
[rawvideo @ 0x5618b301ac00] PACKET SIZE: 307200, STRIDE: 960
[Parsed_ssim_0 @ 0x7f3d68004200] Copying data in avfilter.
[Parsed_psnr_1 @ 0x7f3d68004640] Copying data in avfilter.
[rawvideo @ 0x5618b301ac00] PACKET SIZE: 307200, STRIDE: 960
[Parsed_ssim_0 @ 0x7f3d68004200] Copying data in avfilter.
[Parsed_psnr_1 @ 0x7f3d68004640] Copying data in avfilter.
[rawvideo @ 0x5618b301ac00] PACKET SIZE: 307200, STRIDE: 960
[rawvideo @ 0x5618b301ac00] PACKET SIZE: 307200, STRIDE: 960
[rawvideo @ 0x5618b301c9c0] PACKET SIZE: 307200, STRIDE: 960
[rawvideo @ 0x5618b301ac00] PACKET SIZE: 307200, STRIDE: 960
[rawvideo @ 0x5618b301ac00] PACKET SIZE: 307200, STRIDE: 960
[rawvideo @ 0x5618b301ac00] PACKET SIZE: 307200, STRIDE: 960
[rawvideo @ 0x5618b301c9c0] PACKET SIZE: 307200, STRIDE: 960
[Parsed_ssim_0 @ 0x7f3d68004200] Copying data in avfilter.
[rawvideo @ 0x5618b301ac00] PACKET SIZE: 307200, STRIDE: 960
[Parsed_psnr_1 @ 0x7f3d68004640] Copying data in avfilter.
[rawvideo @ 0x5618b301c9c0] PACKET SIZE: 307200, STRIDE: 960
[rawvideo @ 0x5618b301ac00] PACKET SIZE: 307200, STRIDE: 960
[rawvideo @ 0x5618b301c9c0] PACKET SIZE: 307200, STRIDE: 960
[Parsed_ssim_0 @ 0x7f3d68004200] Copying data in avfilter.
[Parsed_psnr_1 @ 0x7f3d68004640] Copying data in avfilter.
[rawvideo @ 0x5618b301c9c0] PACKET SIZE: 307200, STRIDE: 960
[Parsed_ssim_0 @ 0x7f3d68004200] Copying data in avfilter.
[rawvideo @ 0x5618b301c9c0] PACKET SIZE: 307200, STRIDE: 960
[Parsed_psnr_1 @ 0x7f3d68004640] Copying data in avfilter.
[rawvideo @ 0x5618b301c9c0] PACKET SIZE: 307200, STRIDE: 960
[Parsed_ssim_0 @ 0x7f3d68004200] Copying data in avfilter.
[rawvideo @ 0x5618b301c9c0] PACKET SIZE: 307200, STRIDE: 960
[Parsed_psnr_1 @ 0x7f3d68004640] Copying data in avfilter.
[rawvideo @ 0x5618b301c9c0] PACKET SIZE: 307200, STRIDE: 960
[Parsed_ssim_0 @ 0x7f3d68004200] Copying data in avfilter.
[Parsed_psnr_1 @ 0x7f3d68004640] Copying data in avfilter.
[rawvideo @ 0x5618b301c9c0] PACKET SIZE: 307200, STRIDE: 960
[Parsed_ssim_0 @ 0x7f3d68004200] Copying data in avfilter.
[Parsed_psnr_1 @ 0x7f3d68004640] Copying data in avfilter.
[rawvideo @ 0x5618b301c9c0] PACKET SIZE: 307200, STRIDE: 960
[Parsed_ssim_0 @ 0x7f3d68004200] Copying data in avfilter.
[Parsed_psnr_1 @ 0x7f3d68004640] Copying data in avfilter.
[rawvideo @ 0x5618b301c9c0] PACKET SIZE: 307200, STRIDE: 960
[Parsed_ssim_0 @ 0x7f3d68004200] Copying data in avfilter.
[Parsed_psnr_1 @ 0x7f3d68004640] Copying data in avfilter.
[rawvideo @ 0x5618b301c9c0] PACKET SIZE: 307200, STRIDE: 960
[Parsed_ssim_0 @ 0x7f3d68004200] Copying data in avfilter.
[Parsed_psnr_1 @ 0x7f3d68004640] Copying data in avfilter.
[rawvideo @ 0x5618b301c9c0] PACKET SIZE: 307200, STRIDE: 960
[Parsed_ssim_0 @ 0x7f3d68004200] Copying data in avfilter.
[Parsed_psnr_1 @ 0x7f3d68004640] Copying data in avfilter.
[rawvideo @ 0x5618b301c9c0] PACKET SIZE: 307200, STRIDE: 960
[Parsed_ssim_0 @ 0x7f3d68004200] Copying data in avfilter.
[rawvideo @ 0x5618b301c9c0] PACKET SIZE: 307200, STRIDE: 960
[Parsed_psnr_1 @ 0x7f3d68004640] Copying data in avfilter.
[rawvideo @ 0x5618b301c9c0] PACKET SIZE: 307200, STRIDE: 960
[rawvideo @ 0x5618b301ac00] PACKET SIZE: 307200, STRIDE: 960
[rawvideo @ 0x5618b301c9c0] PACKET SIZE: 307200, STRIDE: 960
[rawvideo @ 0x5618b301c9c0] PACKET SIZE: 307200, STRIDE: 960
[rawvideo @ 0x5618b301c9c0] PACKET SIZE: 307200, STRIDE: 960
[rawvideo @ 0x5618b301c9c0] PACKET SIZE: 307200, STRIDE: 960
[Parsed_ssim_0 @ 0x7f3d68004200] Copying data in avfilter.
[rawvideo @ 0x5618b301ac00] PACKET SIZE: 307200, STRIDE: 960
[rawvideo @ 0x5618b301c9c0] PACKET SIZE: 307200, STRIDE: 960
[Parsed_psnr_1 @ 0x7f3d68004640] Copying data in avfilter.
[rawvideo @ 0x5618b301c9c0] PACKET SIZE: 307200, STRIDE: 960
[rawvideo @ 0x5618b301c9c0] PACKET SIZE: 307200, STRIDE: 960
[rawvideo @ 0x5618b301c9c0] PACKET SIZE: 307200, STRIDE: 960
[rawvideo @ 0x5618b301ac00] PACKET SIZE: 307200, STRIDE: 960
[Parsed_ssim_0 @ 0x7f3d68004200] Copying data in avfilter.
[rawvideo @ 0x5618b301ac00] PACKET SIZE: 307200, STRIDE: 960
[Parsed_psnr_1 @ 0x7f3d68004640] Copying data in avfilter.
[rawvideo @ 0x5618b301ac00] PACKET SIZE: 307200, STRIDE: 960
[rawvideo @ 0x5618b301ac00] PACKET SIZE: 307200, STRIDE: 960
[rawvideo @ 0x5618b301ac00] PACKET SIZE: 307200, STRIDE: 960
[Parsed_ssim_0 @ 0x7f3d68004200] Copying data in avfilter.
[Parsed_psnr_1 @ 0x7f3d68004640] Copying data in avfilter.
[rawvideo @ 0x5618b301ac00] PACKET SIZE: 307200, STRIDE: 960
[Parsed_ssim_0 @ 0x7f3d68004200] Copying data in avfilter.
[Parsed_psnr_1 @ 0x7f3d68004640] Copying data in avfilter.
[rawvideo @ 0x5618b301ac00] PACKET SIZE: 307200, STRIDE: 960
[Parsed_ssim_0 @ 0x7f3d68004200] Copying data in avfilter.
[Parsed_psnr_1 @ 0x7f3d68004640] Copying data in avfilter.
[rawvideo @ 0x5618b301ac00] PACKET SIZE: 307200, STRIDE: 960
[Parsed_ssim_0 @ 0x7f3d68004200] Copying data in avfilter.
[Parsed_psnr_1 @ 0x7f3d68004640] Copying data in avfilter.
[rawvideo @ 0x5618b301ac00] PACKET SIZE: 307200, STRIDE: 960
[Parsed_ssim_0 @ 0x7f3d68004200] Copying data in avfilter.
[Parsed_psnr_1 @ 0x7f3d68004640] Copying data in avfilter.
[rawvideo @ 0x5618b301ac00] PACKET SIZE: 307200, STRIDE: 960
[Parsed_ssim_0 @ 0x7f3d68004200] Copying data in avfilter.
[Parsed_psnr_1 @ 0x7f3d68004640] Copying data in avfilter.
[rawvideo @ 0x5618b301ac00] PACKET SIZE: 307200, STRIDE: 960
[Parsed_ssim_0 @ 0x7f3d68004200] Copying data in avfilter.
[rawvideo @ 0x5618b301ac00] PACKET SIZE: 307200, STRIDE: 960
[Parsed_psnr_1 @ 0x7f3d68004640] Copying data in avfilter.
[Parsed_ssim_0 @ 0x7f3d68004200] Copying data in avfilter.
[Parsed_psnr_1 @ 0x7f3d68004640] Copying data in avfilter.
[rawvideo @ 0x5618b301ac00] PACKET SIZE: 307200, STRIDE: 960
[Parsed_ssim_0 @ 0x7f3d68004200] Copying data in avfilter.
[Parsed_psnr_1 @ 0x7f3d68004640] Copying data in avfilter.
[rawvideo @ 0x5618b301ac00] PACKET SIZE: 307200, STRIDE: 960
[Parsed_ssim_0 @ 0x7f3d68004200] Copying data in avfilter.
[Parsed_psnr_1 @ 0x7f3d68004640] Copying data in avfilter.
[rawvideo @ 0x5618b301ac00] PACKET SIZE: 307200, STRIDE: 960
[Parsed_ssim_0 @ 0x7f3d68004200] Copying data in avfilter.
[Parsed_psnr_1 @ 0x7f3d68004640] Copying data in avfilter.
[rawvideo @ 0x5618b301ac00] PACKET SIZE: 307200, STRIDE: 960
[Parsed_ssim_0 @ 0x7f3d68004200] Copying data in avfilter.
[Parsed_psnr_1 @ 0x7f3d68004640] Copying data in avfilter.
[rawvideo @ 0x5618b301ac00] PACKET SIZE: 307200, STRIDE: 960
[rawvideo @ 0x5618b301ac00] PACKET SIZE: 307200, STRIDE: 960
[rawvideo @ 0x5618b301ac00] PACKET SIZE: 307200, STRIDE: 960
[rawvideo @ 0x5618b301c9c0] PACKET SIZE: 307200, STRIDE: 960
[rawvideo @ 0x5618b301ac00] PACKET SIZE: 307200, STRIDE: 960
[Parsed_ssim_0 @ 0x7f3d68004200] Copying data in avfilter.
[rawvideo @ 0x5618b301ac00] PACKET SIZE: 307200, STRIDE: 960
[rawvideo @ 0x5618b301ac00] PACKET SIZE: 307200, STRIDE: 960
[rawvideo @ 0x5618b301c9c0] PACKET SIZE: 307200, STRIDE: 960
[rawvideo @ 0x5618b301ac00] PACKET SIZE: 307200, STRIDE: 960
[Parsed_psnr_1 @ 0x7f3d68004640] Copying data in avfilter.
[rawvideo @ 0x5618b301c9c0] PACKET SIZE: 307200, STRIDE: 960
[rawvideo @ 0x5618b301ac00] PACKET SIZE: 307200, STRIDE: 960
[rawvideo @ 0x5618b301c9c0] PACKET SIZE: 307200, STRIDE: 960
[Parsed_ssim_0 @ 0x7f3d68004200] Copying data in avfilter.
[rawvideo @ 0x5618b301ac00] PACKET SIZE: 307200, STRIDE: 960
[rawvideo @ 0x5618b301c9c0] PACKET SIZE: 307200, STRIDE: 960
[Parsed_psnr_1 @ 0x7f3d68004640] Copying data in avfilter.
[Parsed_ssim_0 @ 0x7f3d68004200] Copying data in avfilter.
[Parsed_psnr_1 @ 0x7f3d68004640] Copying data in avfilter.
[rawvideo @ 0x5618b301ac00] PACKET SIZE: 307200, STRIDE: 960
[rawvideo @ 0x5618b301c9c0] PACKET SIZE: 307200, STRIDE: 960
[Parsed_ssim_0 @ 0x7f3d68004200] Copying data in avfilter.
[Parsed_psnr_1 @ 0x7f3d68004640] Copying data in avfilter.
[rawvideo @ 0x5618b301c9c0] PACKET SIZE: 307200, STRIDE: 960
[Parsed_ssim_0 @ 0x7f3d68004200] Copying data in avfilter.
[rawvideo @ 0x5618b301c9c0] PACKET SIZE: 307200, STRIDE: 960
[Parsed_psnr_1 @ 0x7f3d68004640] Copying data in avfilter.
[rawvideo @ 0x5618b301c9c0] PACKET SIZE: 307200, STRIDE: 960
[Parsed_ssim_0 @ 0x7f3d68004200] Copying data in avfilter.
[rawvideo @ 0x5618b301c9c0] PACKET SIZE: 307200, STRIDE: 960
[Parsed_psnr_1 @ 0x7f3d68004640] Copying data in avfilter.
[rawvideo @ 0x5618b301c9c0] PACKET SIZE: 307200, STRIDE: 960
[Parsed_ssim_0 @ 0x7f3d68004200] Copying data in avfilter.
[Parsed_psnr_1 @ 0x7f3d68004640] Copying data in avfilter.
[rawvideo @ 0x5618b301c9c0] PACKET SIZE: 307200, STRIDE: 960
[Parsed_ssim_0 @ 0x7f3d68004200] Copying data in avfilter.
[rawvideo @ 0x5618b301c9c0] PACKET SIZE: 307200, STRIDE: 960
[Parsed_psnr_1 @ 0x7f3d68004640] Copying data in avfilter.
[Parsed_ssim_0 @ 0x7f3d68004200] Copying data in avfilter.
[rawvideo @ 0x5618b301c9c0] PACKET SIZE: 307200, STRIDE: 960
[Parsed_psnr_1 @ 0x7f3d68004640] Copying data in avfilter.
[Parsed_ssim_0 @ 0x7f3d68004200] Copying data in avfilter.
[Parsed_psnr_1 @ 0x7f3d68004640] Copying data in avfilter.
[rawvideo @ 0x5618b301c9c0] PACKET SIZE: 307200, STRIDE: 960
[Parsed_ssim_0 @ 0x7f3d68004200] Copying data in avfilter.
[Parsed_psnr_1 @ 0x7f3d68004640] Copying data in avfilter.
[rawvideo @ 0x5618b301c9c0] PACKET SIZE: 307200, STRIDE: 960
[Parsed_ssim_0 @ 0x7f3d68004200] Copying data in avfilter.
[Parsed_psnr_1 @ 0x7f3d68004640] Copying data in avfilter.
[rawvideo @ 0x5618b301c9c0] PACKET SIZE: 307200, STRIDE: 960
[Parsed_ssim_0 @ 0x7f3d68004200] Copying data in avfilter.
[Parsed_psnr_1 @ 0x7f3d68004640] Copying data in avfilter.
[rawvideo @ 0x5618b301c9c0] PACKET SIZE: 307200, STRIDE: 960
[Parsed_ssim_0 @ 0x7f3d68004200] Copying data in avfilter.
[Parsed_psnr_1 @ 0x7f3d68004640] Copying data in avfilter.
[rawvideo @ 0x5618b301c9c0] PACKET SIZE: 307200, STRIDE: 960
[rawvideo @ 0x5618b301c9c0] PACKET SIZE: 307200, STRIDE: 960
[rawvideo @ 0x5618b301ac00] PACKET SIZE: 307200, STRIDE: 960
[rawvideo @ 0x5618b301c9c0] PACKET SIZE: 307200, STRIDE: 960
[rawvideo @ 0x5618b301c9c0] PACKET SIZE: 307200, STRIDE: 960
[rawvideo @ 0x5618b301c9c0] PACKET SIZE: 307200, STRIDE: 960
[rawvideo @ 0x5618b301c9c0] PACKET SIZE: 307200, STRIDE: 960
[Parsed_ssim_0 @ 0x7f3d68004200] Copying data in avfilter.
[rawvideo @ 0x5618b301ac00] PACKET SIZE: 307200, STRIDE: 960
[Parsed_psnr_1 @ 0x7f3d68004640] Copying data in avfilter.
[rawvideo @ 0x5618b301c9c0] PACKET SIZE: 307200, STRIDE: 960
[rawvideo @ 0x5618b301c9c0] PACKET SIZE: 307200, STRIDE: 960
[rawvideo @ 0x5618b301ac00] PACKET SIZE: 307200, STRIDE: 960
[rawvideo @ 0x5618b301c9c0] PACKET SIZE: 307200, STRIDE: 960
[rawvideo @ 0x5618b301ac00] PACKET SIZE: 307200, STRIDE: 960
[rawvideo @ 0x5618b301ac00] PACKET SIZE: 307200, STRIDE: 960
[Parsed_ssim_0 @ 0x7f3d68004200] Copying data in avfilter.
[Parsed_psnr_1 @ 0x7f3d68004640] Copying data in avfilter.
[rawvideo @ 0x5618b301c9c0] PACKET SIZE: 307200, STRIDE: 960
[rawvideo @ 0x5618b301ac00] PACKET SIZE: 307200, STRIDE: 960
[Parsed_ssim_0 @ 0x7f3d68004200] Copying data in avfilter.
[Parsed_psnr_1 @ 0x7f3d68004640] Copying data in avfilter.
[Parsed_ssim_0 @ 0x7f3d68004200] Copying data in avfilter.
[Parsed_psnr_1 @ 0x7f3d68004640] Copying data in avfilter.
[rawvideo @ 0x5618b301ac00] PACKET SIZE: 307200, STRIDE: 960
[Parsed_ssim_0 @ 0x7f3d68004200] Copying data in avfilter.
[rawvideo @ 0x5618b301ac00] PACKET SIZE: 307200, STRIDE: 960
[Parsed_psnr_1 @ 0x7f3d68004640] Copying data in avfilter.
[rawvideo @ 0x5618b301ac00] PACKET SIZE: 307200, STRIDE: 960
[Parsed_ssim_0 @ 0x7f3d68004200] Copying data in avfilter.
[rawvideo @ 0x5618b301ac00] PACKET SIZE: 307200, STRIDE: 960
[Parsed_psnr_1 @ 0x7f3d68004640] Copying data in avfilter.
[rawvideo @ 0x5618b301ac00] PACKET SIZE: 307200, STRIDE: 960
[Parsed_ssim_0 @ 0x7f3d68004200] Copying data in avfilter.
[Parsed_psnr_1 @ 0x7f3d68004640] Copying data in avfilter.
[rawvideo @ 0x5618b301ac00] PACKET SIZE: 307200, STRIDE: 960
[Parsed_ssim_0 @ 0x7f3d68004200] Copying data in avfilter.
[Parsed_psnr_1 @ 0x7f3d68004640] Copying data in avfilter.
[rawvideo @ 0x5618b301ac00] PACKET SIZE: 307200, STRIDE: 960
[Parsed_ssim_0 @ 0x7f3d68004200] Copying data in avfilter.
[Parsed_psnr_1 @ 0x7f3d68004640] Copying data in avfilter.
[rawvideo @ 0x5618b301ac00] PACKET SIZE: 307200, STRIDE: 960
[Parsed_ssim_0 @ 0x7f3d68004200] Copying data in avfilter.
[Parsed_psnr_1 @ 0x7f3d68004640] Copying data in avfilter.
[rawvideo @ 0x5618b301ac00] PACKET SIZE: 307200, STRIDE: 960
[Parsed_ssim_0 @ 0x7f3d68004200] Copying data in avfilter.
[rawvideo @ 0x5618b301ac00] PACKET SIZE: 307200, STRIDE: 960
[Parsed_psnr_1 @ 0x7f3d68004640] Copying data in avfilter.
[Parsed_ssim_0 @ 0x7f3d68004200] Copying data in avfilter.
[Parsed_psnr_1 @ 0x7f3d68004640] Copying data in avfilter.
[rawvideo @ 0x5618b301ac00] PACKET SIZE: 307200, STRIDE: 960
[Parsed_ssim_0 @ 0x7f3d68004200] Copying data in avfilter.
[rawvideo @ 0x5618b301ac00] PACKET SIZE: 307200, STRIDE: 960
[Parsed_psnr_1 @ 0x7f3d68004640] Copying data in avfilter.
[Parsed_ssim_0 @ 0x7f3d68004200] Copying data in avfilter.
[Parsed_psnr_1 @ 0x7f3d68004640] Copying data in avfilter.
[rawvideo @ 0x5618b301ac00] PACKET SIZE: 307200, STRIDE: 960
[rawvideo @ 0x5618b301ac00] PACKET SIZE: 307200, STRIDE: 960
[rawvideo @ 0x5618b301c9c0] PACKET SIZE: 307200, STRIDE: 960
[rawvideo @ 0x5618b301ac00] PACKET SIZE: 307200, STRIDE: 960
[rawvideo @ 0x5618b301ac00] PACKET SIZE: 307200, STRIDE: 960
[rawvideo @ 0x5618b301c9c0] PACKET SIZE: 307200, STRIDE: 960
[Parsed_ssim_0 @ 0x7f3d68004200] Copying data in avfilter.
[rawvideo @ 0x5618b301ac00] PACKET SIZE: 307200, STRIDE: 960
[rawvideo @ 0x5618b301c9c0] PACKET SIZE: 307200, STRIDE: 960
[in#1/rawvideo @ 0x5618b300b180] EOF while reading input
[in#1/rawvideo @ 0x5618b300b180] Terminating thread with return code 0 (success)
[Parsed_psnr_1 @ 0x7f3d68004640] Copying data in avfilter.
[rawvideo @ 0x5618b301ac00] PACKET SIZE: 307200, STRIDE: 960
[Parsed_ssim_0 @ 0x7f3d68004200] Copying data in avfilter.
[rawvideo @ 0x5618b301ac00] PACKET SIZE: 307200, STRIDE: 960
[rawvideo @ 0x5618b301c9c0] PACKET SIZE: 307200, STRIDE: 960
[rawvideo @ 0x5618b301ac00] PACKET SIZE: 307200, STRIDE: 960
[Parsed_psnr_1 @ 0x7f3d68004640] Copying data in avfilter.
[Parsed_ssim_0 @ 0x7f3d68004200] Copying data in avfilter.
[vist#1:0/rawvideo @ 0x5618b300e0c0] [dec:rawvideo @ 0x5618b301bf40] Decoder thread received EOF packet
[vist#1:0/rawvideo @ 0x5618b300e0c0] [dec:rawvideo @ 0x5618b301bf40] Decoder returned EOF, finishing
[rawvideo @ 0x5618b301ac00] PACKET SIZE: 307200, STRIDE: 960
[Parsed_psnr_1 @ 0x7f3d68004640] Copying data in avfilter.
[Parsed_ssim_0 @ 0x7f3d68004200] Copying data in avfilter.
[vist#1:0/rawvideo @ 0x5618b300e0c0] [dec:rawvideo @ 0x5618b301bf40] Terminating thread with return code 0 (success)
[rawvideo @ 0x5618b301ac00] PACKET SIZE: 307200, STRIDE: 960
[Parsed_psnr_1 @ 0x7f3d68004640] Copying data in avfilter.
[rawvideo @ 0x5618b301ac00] PACKET SIZE: 307200, STRIDE: 960
[rawvideo @ 0x5618b301ac00] PACKET SIZE: 307200, STRIDE: 960
[rawvideo @ 0x5618b301ac00] PACKET SIZE: 307200, STRIDE: 960
[rawvideo @ 0x5618b301ac00] PACKET SIZE: 307200, STRIDE: 960
[rawvideo @ 0x5618b301ac00] PACKET SIZE: 307200, STRIDE: 960
[rawvideo @ 0x5618b301ac00] PACKET SIZE: 307200, STRIDE: 960
[rawvideo @ 0x5618b301ac00] PACKET SIZE: 307200, STRIDE: 960
[rawvideo @ 0x5618b301ac00] PACKET SIZE: 307200, STRIDE: 960
[rawvideo @ 0x5618b301ac00] PACKET SIZE: 307200, STRIDE: 960
[rawvideo @ 0x5618b301ac00] PACKET SIZE: 307200, STRIDE: 960
[rawvideo @ 0x5618b301ac00] PACKET SIZE: 307200, STRIDE: 960
[rawvideo @ 0x5618b301ac00] PACKET SIZE: 307200, STRIDE: 960
[rawvideo @ 0x5618b301ac00] PACKET SIZE: 307200, STRIDE: 960
[rawvideo @ 0x5618b301ac00] PACKET SIZE: 307200, STRIDE: 960
[rawvideo @ 0x5618b301ac00] PACKET SIZE: 307200, STRIDE: 960
[rawvideo @ 0x5618b301ac00] PACKET SIZE: 307200, STRIDE: 960
[rawvideo @ 0x5618b301ac00] PACKET SIZE: 307200, STRIDE: 960
[rawvideo @ 0x5618b301ac00] PACKET SIZE: 307200, STRIDE: 960
[rawvideo @ 0x5618b301ac00] PACKET SIZE: 307200, STRIDE: 960
[rawvideo @ 0x5618b301ac00] PACKET SIZE: 307200, STRIDE: 960
[rawvideo @ 0x5618b301ac00] PACKET SIZE: 307200, STRIDE: 960
[rawvideo @ 0x5618b301ac00] PACKET SIZE: 307200, STRIDE: 960
[rawvideo @ 0x5618b301ac00] PACKET SIZE: 307200, STRIDE: 960
[rawvideo @ 0x5618b301ac00] PACKET SIZE: 307200, STRIDE: 960
[rawvideo @ 0x5618b301ac00] PACKET SIZE: 307200, STRIDE: 960
[rawvideo @ 0x5618b301ac00] PACKET SIZE: 307200, STRIDE: 960
[rawvideo @ 0x5618b301ac00] PACKET SIZE: 307200, STRIDE: 960
[rawvideo @ 0x5618b301ac00] PACKET SIZE: 307200, STRIDE: 960
[rawvideo @ 0x5618b301ac00] PACKET SIZE: 307200, STRIDE: 960
[rawvideo @ 0x5618b301ac00] PACKET SIZE: 307200, STRIDE: 960
[rawvideo @ 0x5618b301ac00] PACKET SIZE: 307200, STRIDE: 960
[rawvideo @ 0x5618b301ac00] PACKET SIZE: 307200, STRIDE: 960
[rawvideo @ 0x5618b301ac00] PACKET SIZE: 307200, STRIDE: 960
[in#0/rawvideo @ 0x5618b3007940] EOF while reading input
[in#0/rawvideo @ 0x5618b3007940] Terminating thread with return code 0 (success)
[rawvideo @ 0x5618b301ac00] PACKET SIZE: 307200, STRIDE: 960
[rawvideo @ 0x5618b301ac00] PACKET SIZE: 307200, STRIDE: 960
[rawvideo @ 0x5618b301ac00] PACKET SIZE: 307200, STRIDE: 960
[rawvideo @ 0x5618b301ac00] PACKET SIZE: 307200, STRIDE: 960
[rawvideo @ 0x5618b301ac00] PACKET SIZE: 307200, STRIDE: 960
[rawvideo @ 0x5618b301ac00] PACKET SIZE: 307200, STRIDE: 960
[rawvideo @ 0x5618b301ac00] PACKET SIZE: 307200, STRIDE: 960
[rawvideo @ 0x5618b301ac00] PACKET SIZE: 307200, STRIDE: 960
[vist#0:0/rawvideo @ 0x5618b300a980] [dec:rawvideo @ 0x5618b301a180] Decoder thread received EOF packet
[vist#0:0/rawvideo @ 0x5618b300a980] [dec:rawvideo @ 0x5618b301a180] Decoder returned EOF, finishing
[vist#0:0/rawvideo @ 0x5618b300a980] [dec:rawvideo @ 0x5618b301a180] Terminating thread with return code 0 (success)
[Parsed_ssim_0 @ 0x7f3d68004200] [framesync @ 0x7f3d68004308] Sync level 0
[out_#0:0 @ 0x7f3d6800af00] EOF on sink link out_#0:0:default.
[Parsed_psnr_1 @ 0x7f3d68004640] [framesync @ 0x7f3d68004788] Sync level 0
[out_#0:1 @ 0x7f3d6800b400] EOF on sink link out_#0:1:default.
[fc#0 @ 0x5618b3003d00] Filtergraph returned EOF, finishing
[fc#0 @ 0x5618b3003d00] All consumers returned EOF
[Parsed_ssim_0 @ 0x7f3d68004200] SSIM Y:0.616244 (4.159443) U:0.861063 (8.571819) V:0.822643 (7.511508) All:0.691447 (5.106697)
[vost#0:0/wrapped_avframe @ 0x5618b300f180] Encoder thread received EOF
[vost#0:0/wrapped_avframe @ 0x5618b300f180] Terminating thread with return code 0 (success)
[vost#0:1/wrapped_avframe @ 0x5618b30186c0] Encoder thread received EOF
[vost#0:1/wrapped_avframe @ 0x5618b30186c0] Terminating thread with return code 0 (success)
[out#0/null @ 0x5618b30059c0] All streams finished
[out#0/null @ 0x5618b30059c0] Terminating thread with return code 0 (success)
[Parsed_psnr_1 @ 0x7f3d68004640] PSNR y:15.082094 u:28.131311 v:25.626990 average:16.695951 min:13.519248 max:29.088188
[fc#0 @ 0x5618b3003d00] Terminating thread with return code 0 (success)
[out#0/null @ 0x5618b30059c0] Output file #0 (pipe:):
[out#0/null @ 0x5618b30059c0]   Output stream #0:0 (video): 350 frames encoded; 350 packets muxed (154000 bytes); 
[out#0/null @ 0x5618b30059c0]   Output stream #0:1 (video): 350 frames encoded; 350 packets muxed (154000 bytes); 
[out#0/null @ 0x5618b30059c0]   Total: 700 packets (308000 bytes) muxed
[out#0/null @ 0x5618b30059c0] video:301KiB audio:0KiB subtitle:0KiB other streams:0KiB global headers:0KiB muxing overhead: unknown
frame=  350 fps=0.0 q=-0.0 Lq=-0.0 size=N/A time=00:00:14.00 bitrate=N/A speed= 251x    
[in#0/rawvideo @ 0x5618b3007940] Input file #0 (/viewer/out_stream.yuv):
[in#0/rawvideo @ 0x5618b3007940]   Input stream #0:0 (video): 350 packets read (107520000 bytes); 350 frames decoded; 0 decode errors; 
[in#0/rawvideo @ 0x5618b3007940]   Total: 350 packets (107520000 bytes) demuxed
[AVIOContext @ 0x5618b3008480] Statistics: 107520000 bytes read, 0 seeks
[in#1/rawvideo @ 0x5618b300b180] Input file #1 (/viewer/ciro-23.yuv):
[in#1/rawvideo @ 0x5618b300b180]   Input stream #1:0 (video): 299 packets read (91852800 bytes); 299 frames decoded; 0 decode errors; 
[in#1/rawvideo @ 0x5618b300b180]   Total: 299 packets (91852800 bytes) demuxed
[AVIOContext @ 0x5618b3005640] Statistics: 91852800 bytes read, 0 seeks
